#
# A fatal error has been detected by the Java Runtime Environment:
#
#  SIGSEGV (0xb) at pc=0x00007fff4f1d592e, pid=11564, tid=108035
#
# JRE version: Java(TM) SE Runtime Environment (8.0_51-b16) (build 1.8.0_51-b16)
# Java VM: Java HotSpot(TM) 64-Bit Server VM (25.51-b03 mixed mode bsd-amd64 compressed oops)
# Problematic frame:
# C  [CoreFoundation+0x6592e]  CFArrayCreateCopy+0x1e
#
# Failed to write core dump. Core dumps have been disabled. To enable core dumping, try "ulimit -c unlimited" before starting Java again
#
# If you would like to submit a bug report, please visit:
#   http://bugreport.java.com/bugreport/crash.jsp
#

---------------  T H R E A D  ---------------

Current thread is native thread

siginfo: si_signo: 11 (SIGSEGV), si_code: 1 (SEGV_MAPERR), si_addr: 0x0000000000000000

Registers:
RAX=0x0000000000000013, RBX=0x0000000000000000, RCX=0x00007fffa9a7a680, RDX=0x0000000000000012
RSP=0x000070000f6e6830, RBP=0x000070000f6e6850, RSI=0x0000000000000000, RDI=0x0000000000000000
R8 =0x000000000007ed29, R9 =0x00007fd652321368, R10=0x0000003000000000, R11=0x0060000000000000
R12=0x00007fd652106230, R13=0x00007fd64f5c9820, R14=0x0000000000000000, R15=0x000070000f6e6878
RIP=0x00007fff4f1d592e, EFLAGS=0x0000000000010246, ERR=0x0000000000000004
  TRAPNO=0x000000000000000e

Top of Stack: (sp=0x000070000f6e6830)
0x000070000f6e6830:   00007fff4f364400 0000000000000000
0x000070000f6e6840:   00007fd64f5c9800 000070000f6e6878
0x000070000f6e6850:   000070000f6e68c0 00007fff5320421c
0x000070000f6e6860:   0000000000000000 00000001014d4080
0x000070000f6e6870:   000070000f6e6900 0000000000000000
0x000070000f6e6880:   0000000000000000 0000000100000001
0x000070000f6e6890:   0000000000000000 0000000000000000
0x000070000f6e68a0:   00007fffa92e4288 00007fd64f5c9800
0x000070000f6e68b0:   00007fd648b4d2d0 00007fd64f5c9800
0x000070000f6e68c0:   000070000f6e6920 00007fff53203cdc
0x000070000f6e68d0:   00000001014d7400 0000000000000001
0x000070000f6e68e0:   0000016800000280 00007fd64f5c9820
0x000070000f6e68f0:   000070000f6e6920 00007fd64f5c9820
0x000070000f6e6900:   00007fffa92e4288 00007fd64f5c9800
0x000070000f6e6910:   0000000000000000 00007fffa92e4278
0x000070000f6e6920:   000070000f6e6a60 00007fff53234f89
0x000070000f6e6930:   00007fd6505b98a0 00007fd6505fc080
0x000070000f6e6940:   ffff8029adf33d00 0000000000000020
0x000070000f6e6950:   0000000000000002 00007fd6505b98a0
0x000070000f6e6960:   00000001014d4080 00000001014d4080
0x000070000f6e6970:   000070000f6e6a00 00007fd652106210
0x000070000f6e6980:   00000001014d7400 0000000000000001
0x000070000f6e6990:   00007fd651127bc0 00007fd6511fc080
0x000070000f6e69a0:   000070000f6e6a00 0000000000000020
0x000070000f6e69b0:   0000000000000002 00007fd651127bc0
0x000070000f6e69c0:   00000001014d4080 00007fd652106230
0x000070000f6e69d0:   00007fd64f5c9800 00007fd64f5c9820
0x000070000f6e69e0:   00000001014d7400 0000000000000004
0x000070000f6e69f0:   000070000f6e6a10 00007fff53506fea
0x000070000f6e6a00:   00007fd651b893c0 00007fd652036d20
0x000070000f6e6a10:   000070000f6e6a30 00007fff76aa6d50
0x000070000f6e6a20:   00007fd651b893c0 00007fd652036d20 

Instructions: (pc=0x00007fff4f1d592e)
0x00007fff4f1d590e:   00 00 55 48 89 e5 41 57 41 56 53 50 48 89 f3 49
0x00007fff4f1d591e:   89 fe e8 8b e9 f9 ff f6 c3 01 0f 85 ac 00 00 00
0x00007fff4f1d592e:   48 8b 0b 48 85 c9 74 41 48 8d 15 8b 12 11 5a 48
0x00007fff4f1d593e:   3b 0a 74 35 48 3d ff 03 00 00 77 12 48 8d 15 ff 

Register to memory mapping:

RAX=0x0000000000000013 is an unknown value
RBX=0x0000000000000000 is an unknown value
RCX=0x00007fffa9a7a680: kFigStreamingCachePersistentStoreDataItemCategory_ChapterArtwork+0xb4d0 in /System/Library/Frameworks/MediaToolbox.framework/Versions/A/MediaToolbox at 0x00007fff53135000
RDX=0x0000000000000012 is an unknown value
RSP=0x000070000f6e6830 is an unknown value
RBP=0x000070000f6e6850 is an unknown value
RSI=0x0000000000000000 is an unknown value
RDI=0x0000000000000000 is an unknown value
R8 =0x000000000007ed29 is an unknown value
R9 =0x00007fd652321368 is an unknown value
R10=0x0000003000000000 is an unknown value
R11=0x0060000000000000 is an unknown value
R12=0x00007fd652106230 is an unknown value
R13=0x00007fd64f5c9820 is an unknown value
R14=0x0000000000000000 is an unknown value
R15=0x000070000f6e6878 is an unknown value


Stack: [0x000070000f667000,0x000070000f6e7000],  sp=0x000070000f6e6830,  free space=510k
Native frames: (J=compiled Java code, j=interpreted, Vv=VM code, C=native code)
C  [CoreFoundation+0x6592e]  CFArrayCreateCopy+0x1e
C  [MediaToolbox+0xcf21c]  FigPlayerStreamCreate+0x2a560
C  [MediaToolbox+0xcecdc]  FigPlayerStreamCreate+0x2a020
C  [MediaToolbox+0xfff89]  FigPlayerStreamCreate+0x5b2cd
C  [MediaToolbox+0x3d1dd0]  FigPlayerSurrogateCreate+0x4c59
C  [MediaToolbox+0x232690]  FigPlayerAirPlayCreate+0x11bd8
C  [MediaToolbox+0x10fa9e]  FigPlayerAsyncCreateWithEngineTopology+0x1613
C  [MediaToolbox+0x113b30]  FigPlayerAsyncCreateWithEngineTopology+0x56a5
C  [libdispatch.dylib+0x1d50]  _dispatch_client_callout+0x8
C  [libdispatch.dylib+0x1620c]  _dispatch_queue_serial_drain+0x27b
C  [libdispatch.dylib+0x90fd]  _dispatch_queue_invoke+0x175
C  [libdispatch.dylib+0x3941]  _dispatch_root_queue_drain+0x203
C  [libdispatch.dylib+0x4d9e]  _dispatch_worker_thread+0xaf
C  [libsystem_pthread.dylib+0x36c1]  _pthread_body+0x154
C  [libsystem_pthread.dylib+0x356d]  _pthread_body+0x0
C  [libsystem_pthread.dylib+0x2c5d]  thread_start+0xd


---------------  P R O C E S S  ---------------

VM state:not at safepoint (normal execution)

VM Mutex/Monitor currently owned by a thread: None

Heap:
 PSYoungGen      total 293888K, used 143658K [0x00000007aab00000, 0x00000007bdd00000, 0x00000007c0000000)
  eden space 278528K, 46% used [0x00000007aab00000,0x00000007b2ab4d98,0x00000007bbb00000)
  from space 15360K, 83% used [0x00000007bcc80000,0x00000007bd915c48,0x00000007bdb80000)
  to   space 17408K, 0% used [0x00000007bbb00000,0x00000007bbb00000,0x00000007bcc00000)
 ParOldGen       total 53248K, used 36150K [0x0000000780000000, 0x0000000783400000, 0x00000007aab00000)
  object space 53248K, 67% used [0x0000000780000000,0x000000078234da60,0x0000000783400000)
 Metaspace       used 27277K, capacity 28668K, committed 28976K, reserved 1075200K
  class space    used 3483K, capacity 3768K, committed 3888K, reserved 1048576K

Card table byte_map: [0x0000000103129000,0x000000010332a000] byte_map_base: 0x00000000ff529000

Marking Bits: (ParMarkBitMap*) 0x00000001026c27a0
 Begin Bits: [0x0000000103480000, 0x0000000104480000)
 End Bits:   [0x0000000104480000, 0x0000000105480000)

Polling page: 0x0000000101565000

CodeCache: size=245760Kb used=20056Kb max_used=20169Kb free=225703Kb
 bounds [0x0000000109f9d000, 0x000000010b37d000, 0x0000000118f9d000]
 total_blobs=6889 nmethods=6098 adapters=703
 compilation: enabled

Compilation events (10 events):
Event: 43.490 Thread 0x00007fd65905e000 7243       3       com.sun.javafx.webkit.prism.WCGraphicsPrismContext::getGraphics (128 bytes)
Event: 43.494 Thread 0x00007fd65905e000 nmethod 7243 0x000000010b0f9750 code [0x000000010b0f9ac0, 0x000000010b0fbc78]
Event: 43.494 Thread 0x00007fd65905e000 7244       3       com.sun.javafx.webkit.prism.WCGraphicsPrismContext$ContextState::access$500 (6 bytes)
Event: 43.495 Thread 0x00007fd65905e000 nmethod 7244 0x000000010aeac010 code [0x000000010aeac1e0, 0x000000010aeac8b8]
Event: 43.495 Thread 0x00007fd65905e000 7245       3       com.sun.javafx.webkit.prism.WCGraphicsPrismContext$ContextState::apply (31 bytes)
Event: 43.496 Thread 0x00007fd65905e000 nmethod 7245 0x000000010af38a10 code [0x000000010af38be0, 0x000000010af39278]
Event: 43.510 Thread 0x00007fd659023800 7246       4       java.util.AbstractCollection::toArray (147 bytes)
Event: 43.536 Thread 0x00007fd659023800 nmethod 7246 0x000000010a73ed90 code [0x000000010a73efa0, 0x000000010a73f808]
Event: 43.607 Thread 0x00007fd65905e000 7247       3       javafx.scene.layout.Region::positionInArea (74 bytes)
Event: 43.608 Thread 0x00007fd65905e000 nmethod 7247 0x000000010aafcad0 code [0x000000010aafccc0, 0x000000010aafd6e8]

GC Heap History (10 events):
Event: 29.075 GC heap before
{Heap before GC invocations=14 (full 1):
 PSYoungGen      total 132608K, used 132598K [0x00000007aab00000, 0x00000007b3f00000, 0x00000007c0000000)
  eden space 126464K, 100% used [0x00000007aab00000,0x00000007b2680000,0x00000007b2680000)
  from space 6144K, 99% used [0x00000007b3100000,0x00000007b36fdb70,0x00000007b3700000)
  to   space 10752K, 0% used [0x00000007b2680000,0x00000007b2680000,0x00000007b3100000)
 ParOldGen       total 28160K, used 17037K [0x0000000780000000, 0x0000000781b80000, 0x00000007aab00000)
  object space 28160K, 60% used [0x0000000780000000,0x00000007810a3788,0x0000000781b80000)
 Metaspace       used 26077K, capacity 27440K, committed 27568K, reserved 1073152K
  class space    used 3405K, capacity 3672K, committed 3760K, reserved 1048576K
Event: 29.117 GC heap after
Heap after GC invocations=14 (full 1):
 PSYoungGen      total 137216K, used 9928K [0x00000007aab00000, 0x00000007b8180000, 0x00000007c0000000)
  eden space 126464K, 0% used [0x00000007aab00000,0x00000007aab00000,0x00000007b2680000)
  from space 10752K, 92% used [0x00000007b2680000,0x00000007b30321d0,0x00000007b3100000)
  to   space 12800K, 0% used [0x00000007b7500000,0x00000007b7500000,0x00000007b8180000)
 ParOldGen       total 28160K, used 22484K [0x0000000780000000, 0x0000000781b80000, 0x00000007aab00000)
  object space 28160K, 79% used [0x0000000780000000,0x00000007815f5380,0x0000000781b80000)
 Metaspace       used 26077K, capacity 27440K, committed 27568K, reserved 1073152K
  class space    used 3405K, capacity 3672K, committed 3760K, reserved 1048576K
}
Event: 29.119 GC heap before
{Heap before GC invocations=15 (full 2):
 PSYoungGen      total 137216K, used 9928K [0x00000007aab00000, 0x00000007b8180000, 0x00000007c0000000)
  eden space 126464K, 0% used [0x00000007aab00000,0x00000007aab00000,0x00000007b2680000)
  from space 10752K, 92% used [0x00000007b2680000,0x00000007b30321d0,0x00000007b3100000)
  to   space 12800K, 0% used [0x00000007b7500000,0x00000007b7500000,0x00000007b8180000)
 ParOldGen       total 28160K, used 22484K [0x0000000780000000, 0x0000000781b80000, 0x00000007aab00000)
  object space 28160K, 79% used [0x0000000780000000,0x00000007815f5380,0x0000000781b80000)
 Metaspace       used 26077K, capacity 27440K, committed 27568K, reserved 1073152K
  class space    used 3405K, capacity 3672K, committed 3760K, reserved 1048576K
Event: 29.208 GC heap after
Heap after GC invocations=15 (full 2):
 PSYoungGen      total 137216K, used 0K [0x00000007aab00000, 0x00000007b8180000, 0x00000007c0000000)
  eden space 126464K, 0% used [0x00000007aab00000,0x00000007aab00000,0x00000007b2680000)
  from space 10752K, 0% used [0x00000007b2680000,0x00000007b2680000,0x00000007b3100000)
  to   space 12800K, 0% used [0x00000007b7500000,0x00000007b7500000,0x00000007b8180000)
 ParOldGen       total 53248K, used 27388K [0x0000000780000000, 0x0000000783400000, 0x00000007aab00000)
  object space 53248K, 51% used [0x0000000780000000,0x0000000781abf180,0x0000000783400000)
 Metaspace       used 26075K, capacity 27432K, committed 27568K, reserved 1073152K
  class space    used 3403K, capacity 3670K, committed 3760K, reserved 1048576K
}
Event: 34.950 GC heap before
{Heap before GC invocations=16 (full 2):
 PSYoungGen      total 137216K, used 126464K [0x00000007aab00000, 0x00000007b8180000, 0x00000007c0000000)
  eden space 126464K, 100% used [0x00000007aab00000,0x00000007b2680000,0x00000007b2680000)
  from space 10752K, 0% used [0x00000007b2680000,0x00000007b2680000,0x00000007b3100000)
  to   space 12800K, 0% used [0x00000007b7500000,0x00000007b7500000,0x00000007b8180000)
 ParOldGen       total 53248K, used 27388K [0x0000000780000000, 0x0000000783400000, 0x00000007aab00000)
  object space 53248K, 51% used [0x0000000780000000,0x0000000781abf180,0x0000000783400000)
 Metaspace       used 26363K, capacity 27702K, committed 27824K, reserved 1073152K
  class space    used 3405K, capacity 3671K, committed 3760K, reserved 1048576K
Event: 34.962 GC heap after
Heap after GC invocations=16 (full 2):
 PSYoungGen      total 197632K, used 7749K [0x00000007aab00000, 0x00000007b7d80000, 0x00000007c0000000)
  eden space 188928K, 0% used [0x00000007aab00000,0x00000007aab00000,0x00000007b6380000)
  from space 8704K, 89% used [0x00000007b7500000,0x00000007b7c91538,0x00000007b7d80000)
  to   space 13312K, 0% used [0x00000007b6380000,0x00000007b6380000,0x00000007b7080000)
 ParOldGen       total 53248K, used 27396K [0x0000000780000000, 0x0000000783400000, 0x00000007aab00000)
  object space 53248K, 51% used [0x0000000780000000,0x0000000781ac1180,0x0000000783400000)
 Metaspace       used 26363K, capacity 27702K, committed 27824K, reserved 1073152K
  class space    used 3405K, capacity 3671K, committed 3760K, reserved 1048576K
}
Event: 37.335 GC heap before
{Heap before GC invocations=17 (full 2):
 PSYoungGen      total 197632K, used 196677K [0x00000007aab00000, 0x00000007b7d80000, 0x00000007c0000000)
  eden space 188928K, 100% used [0x00000007aab00000,0x00000007b6380000,0x00000007b6380000)
  from space 8704K, 89% used [0x00000007b7500000,0x00000007b7c91538,0x00000007b7d80000)
  to   space 13312K, 0% used [0x00000007b6380000,0x00000007b6380000,0x00000007b7080000)
 ParOldGen       total 53248K, used 27396K [0x0000000780000000, 0x0000000783400000, 0x00000007aab00000)
  object space 53248K, 51% used [0x0000000780000000,0x0000000781ac1198,0x0000000783400000)
 Metaspace       used 26896K, capacity 28318K, committed 28464K, reserved 1073152K
  class space    used 3469K, capacity 3765K, committed 3888K, reserved 1048576K
Event: 37.381 GC heap after
Heap after GC invocations=17 (full 2):
 PSYoungGen      total 202240K, used 12112K [0x00000007aab00000, 0x00000007bdb80000, 0x00000007c0000000)
  eden space 188928K, 0% used [0x00000007aab00000,0x00000007aab00000,0x00000007b6380000)
  from space 13312K, 90% used [0x00000007b6380000,0x00000007b6f54160,0x00000007b7080000)
  to   space 15360K, 0% used [0x00000007bcc80000,0x00000007bcc80000,0x00000007bdb80000)
 ParOldGen       total 53248K, used 32538K [0x0000000780000000, 0x0000000783400000, 0x00000007aab00000)
  object space 53248K, 61% used [0x0000000780000000,0x0000000781fc6ba8,0x0000000783400000)
 Metaspace       used 26896K, capacity 28318K, committed 28464K, reserved 1073152K
  class space    used 3469K, capacity 3765K, committed 3888K, reserved 1048576K
}
Event: 40.501 GC heap before
{Heap before GC invocations=18 (full 2):
 PSYoungGen      total 202240K, used 201040K [0x00000007aab00000, 0x00000007bdb80000, 0x00000007c0000000)
  eden space 188928K, 100% used [0x00000007aab00000,0x00000007b6380000,0x00000007b6380000)
  from space 13312K, 90% used [0x00000007b6380000,0x00000007b6f54160,0x00000007b7080000)
  to   space 15360K, 0% used [0x00000007bcc80000,0x00000007bcc80000,0x00000007bdb80000)
 ParOldGen       total 53248K, used 32565K [0x0000000780000000, 0x0000000783400000, 0x00000007aab00000)
  object space 53248K, 61% used [0x0000000780000000,0x0000000781fcd638,0x0000000783400000)
 Metaspace       used 27107K, capacity 28524K, committed 28720K, reserved 1075200K
  class space    used 3477K, capacity 3768K, committed 3888K, reserved 1048576K
Event: 40.529 GC heap after
Heap after GC invocations=18 (full 2):
 PSYoungGen      total 293888K, used 12887K [0x00000007aab00000, 0x00000007bdd00000, 0x00000007c0000000)
  eden space 278528K, 0% used [0x00000007aab00000,0x00000007aab00000,0x00000007bbb00000)
  from space 15360K, 83% used [0x00000007bcc80000,0x00000007bd915c48,0x00000007bdb80000)
  to   space 17408K, 0% used [0x00000007bbb00000,0x00000007bbb00000,0x00000007bcc00000)
 ParOldGen       total 53248K, used 36150K [0x0000000780000000, 0x0000000783400000, 0x00000007aab00000)
  object space 53248K, 67% used [0x0000000780000000,0x000000078234da60,0x0000000783400000)
 Metaspace       used 27107K, capacity 28524K, committed 28720K, reserved 1075200K
  class space    used 3477K, capacity 3768K, committed 3888K, reserved 1048576K
}

Deoptimization events (10 events):
Event: 42.303 Thread 0x00007fd658879000 Uncommon trap: reason=unstable_if action=reinterpret pc=0x000000010a89f654 method=com.sun.prism.impl.ManagedResource.isValid()Z @ 4
Event: 42.308 Thread 0x00007fd658879000 Uncommon trap: reason=bimorphic action=maybe_recompile pc=0x000000010b2f2b6c method=com.sun.javafx.sg.prism.NGNode.doRender(Lcom/sun/prism/Graphics;)V @ 319
Event: 42.577 Thread 0x00007fd658094000 Uncommon trap: reason=array_check action=maybe_recompile pc=0x000000010b36bc3c method=java.util.AbstractCollection.toArray([Ljava/lang/Object;)[Ljava/lang/Object; @ 119
Event: 42.577 Thread 0x00007fd658094000 Uncommon trap: reason=array_check action=maybe_recompile pc=0x000000010b36bc3c method=java.util.AbstractCollection.toArray([Ljava/lang/Object;)[Ljava/lang/Object; @ 119
Event: 42.577 Thread 0x00007fd658094000 Uncommon trap: reason=array_check action=maybe_recompile pc=0x000000010b36bc3c method=java.util.AbstractCollection.toArray([Ljava/lang/Object;)[Ljava/lang/Object; @ 119
Event: 42.577 Thread 0x00007fd658094000 Uncommon trap: reason=array_check action=maybe_recompile pc=0x000000010b36bc3c method=java.util.AbstractCollection.toArray([Ljava/lang/Object;)[Ljava/lang/Object; @ 119
Event: 42.789 Thread 0x00007fd658094000 Uncommon trap: reason=bimorphic action=maybe_recompile pc=0x000000010ab9f7c8 method=javafx.beans.property.BooleanPropertyBase.get()Z @ 23
Event: 43.487 Thread 0x00007fd658879000 Uncommon trap: reason=unstable_if action=reinterpret pc=0x000000010b0bf120 method=com.sun.javafx.geom.transform.AffineBase.updateState2D()V @ 6
Event: 43.488 Thread 0x00007fd658879000 Uncommon trap: reason=unstable_if action=reinterpret pc=0x000000010a825f6c method=com.sun.javafx.geom.transform.AffineBase.updateState2D()V @ 6
Event: 43.537 Thread 0x00007fd658094000 Uncommon trap: reason=unstable_if action=reinterpret pc=0x000000010b039498 method=sun.util.locale.LocaleUtils.caseIgnoreMatch(Ljava/lang/String;Ljava/lang/String;)Z @ 17

Internal exceptions (10 events):
Event: 39.947 Thread 0x00007fd658094000 Exception <a 'java/lang/ClassNotFoundException': sun/net/www/protocol/about/Handler> (0x00000007b3549bf8) thrown at [/Users/java_re/workspace/8-2-build-macosx-x86_64/jdk8u51/3951/hotspot/src/share/vm/classfile/systemDictionary.cpp, line 210]
Event: 39.952 Thread 0x00007fd658094000 Exception <a 'java/lang/ClassNotFoundException': sun/net/www/protocol/about/Handler> (0x00000007b354ecf8) thrown at [/Users/java_re/workspace/8-2-build-macosx-x86_64/jdk8u51/3951/hotspot/src/share/vm/classfile/systemDictionary.cpp, line 210]
Event: 40.109 Thread 0x00007fd658094000 Exception <a 'java/lang/ClassNotFoundException': sun/net/www/protocol/about/Handler> (0x00000007b35e0208) thrown at [/Users/java_re/workspace/8-2-build-macosx-x86_64/jdk8u51/3951/hotspot/src/share/vm/classfile/systemDictionary.cpp, line 210]
Event: 40.364 Thread 0x00007fd658094000 Exception <a 'java/lang/ClassNotFoundException': sun/net/www/protocol/about/Handler> (0x00000007b5d0a0a0) thrown at [/Users/java_re/workspace/8-2-build-macosx-x86_64/jdk8u51/3951/hotspot/src/share/vm/classfile/systemDictionary.cpp, line 210]
Event: 40.399 Thread 0x00007fd658094000 Exception <a 'java/lang/ClassNotFoundException': sun/net/www/protocol/about/Handler> (0x00000007b5d10370) thrown at [/Users/java_re/workspace/8-2-build-macosx-x86_64/jdk8u51/3951/hotspot/src/share/vm/classfile/systemDictionary.cpp, line 210]
Event: 40.949 Thread 0x00007fd658127000 Exception <a 'java/net/SocketException'> (0x00000007ab8b50e0) thrown at [/Users/java_re/workspace/8-2-build-macosx-x86_64/jdk8u51/3951/hotspot/src/share/vm/prims/jni.cpp, line 709]
Event: 40.949 Thread 0x00007fd658127000 Exception <a 'java/net/SocketException'> (0x00000007ab8b5370) thrown at [/Users/java_re/workspace/8-2-build-macosx-x86_64/jdk8u51/3951/hotspot/src/share/vm/prims/jni.cpp, line 709]
Event: 40.949 Thread 0x00007fd658127000 Exception <a 'java/net/SocketException'> (0x00000007ab8b5580) thrown at [/Users/java_re/workspace/8-2-build-macosx-x86_64/jdk8u51/3951/hotspot/src/share/vm/prims/jni.cpp, line 709]
Event: 41.176 Thread 0x00007fd659bb4800 Exception <a 'java/net/UnknownHostException'> (0x00000007ac824228) thrown at [/Users/java_re/workspace/8-2-build-macosx-x86_64/jdk8u51/3951/hotspot/src/share/vm/prims/jni.cpp, line 709]
Event: 41.865 Thread 0x00007fd658094000 Exception <a 'java/lang/ClassNotFoundException': sun/net/www/protocol/about/Handler> (0x00000007af9d1bd0) thrown at [/Users/java_re/workspace/8-2-build-macosx-x86_64/jdk8u51/3951/hotspot/src/share/vm/classfile/systemDictionary.cpp, line 210]

Events (10 events):
Event: 43.509 Executing VM operation: RevokeBias done
Event: 43.536 Thread 0x00007fd659023800 flushing nmethod 0x000000010a0c0510
Event: 43.536 Thread 0x00007fd659023800 flushing nmethod 0x000000010a122a90
Event: 43.536 Thread 0x00007fd659023800 flushing nmethod 0x000000010a124f90
Event: 43.537 Thread 0x00007fd658094000 Uncommon trap: trap_request=0xffffff65 fr.pc=0x000000010b039498
Event: 43.537 Thread 0x00007fd658094000 DEOPT PACKING pc=0x000000010b039498 sp=0x00007ffeee743980
Event: 43.537 Thread 0x00007fd658094000 DEOPT UNPACKING pc=0x0000000109fa2229 sp=0x00007ffeee743930 mode 2
Event: 43.608 Thread 0x00007fd65905e000 flushing nmethod 0x000000010a1729d0
Event: 43.609 Thread 0x00007fd65905e000 flushing nmethod 0x000000010a1ab610
Event: 43.609 Thread 0x00007fd65905e000 flushing nmethod 0x000000010a1d4fd0


Dynamic libraries:
0x0000000027531000 	/System/Library/Frameworks/Cocoa.framework/Versions/A/Cocoa
0x0000000027531000 	/System/Library/Frameworks/Security.framework/Versions/A/Security
0x0000000027531000 	/System/Library/Frameworks/ApplicationServices.framework/Versions/A/ApplicationServices
0x0000000027531000 	/usr/lib/libz.1.dylib
0x0000000027531000 	/usr/lib/libSystem.B.dylib
0x0000000027531000 	/usr/lib/libobjc.A.dylib
0x0000000027531000 	/System/Library/Frameworks/CoreFoundation.framework/Versions/A/CoreFoundation
0x0000000027531000 	/System/Library/Frameworks/Foundation.framework/Versions/C/Foundation
0x0000000027531000 	/System/Library/Frameworks/AppKit.framework/Versions/C/AppKit
0x0000000027531000 	/System/Library/Frameworks/CoreData.framework/Versions/A/CoreData
0x0000000027531000 	/System/Library/PrivateFrameworks/RemoteViewServices.framework/Versions/A/RemoteViewServices
0x0000000027531000 	/System/Library/PrivateFrameworks/UIFoundation.framework/Versions/A/UIFoundation
0x0000000027531000 	/System/Library/PrivateFrameworks/DFRFoundation.framework/Versions/A/DFRFoundation
0x0000000027531000 	/System/Library/Frameworks/Metal.framework/Versions/A/Metal
0x0000000027531000 	/System/Library/PrivateFrameworks/DesktopServicesPriv.framework/Versions/A/DesktopServicesPriv
0x0000000027531000 	/usr/lib/libenergytrace.dylib
0x0000000027531000 	/System/Library/PrivateFrameworks/SkyLight.framework/Versions/A/SkyLight
0x0000000027531000 	/System/Library/Frameworks/CoreGraphics.framework/Versions/A/CoreGraphics
0x0000000027531000 	/usr/lib/libScreenReader.dylib
0x0000000027531000 	/System/Library/Frameworks/Accelerate.framework/Versions/A/Accelerate
0x0000000027531000 	/System/Library/Frameworks/IOSurface.framework/Versions/A/IOSurface
0x0000000027531000 	/System/Library/Frameworks/AudioToolbox.framework/Versions/A/AudioToolbox
0x0000000027531000 	/System/Library/Frameworks/AudioUnit.framework/Versions/A/AudioUnit
0x0000000027531000 	/System/Library/PrivateFrameworks/DataDetectorsCore.framework/Versions/A/DataDetectorsCore
0x0000000027531000 	/System/Library/Frameworks/Carbon.framework/Versions/A/Frameworks/HIToolbox.framework/Versions/A/HIToolbox
0x0000000027531000 	/usr/lib/libicucore.A.dylib
0x0000000027531000 	/System/Library/Frameworks/QuartzCore.framework/Versions/A/QuartzCore
0x0000000027531000 	/System/Library/Frameworks/Carbon.framework/Versions/A/Frameworks/SpeechRecognition.framework/Versions/A/SpeechRecognition
0x0000000027531000 	/usr/lib/libauto.dylib
0x0000000027531000 	/usr/lib/libxml2.2.dylib
0x0000000027531000 	/System/Library/PrivateFrameworks/CoreUI.framework/Versions/A/CoreUI
0x0000000027531000 	/System/Library/Frameworks/CoreAudio.framework/Versions/A/CoreAudio
0x0000000027531000 	/System/Library/Frameworks/DiskArbitration.framework/Versions/A/DiskArbitration
0x0000000027531000 	/usr/lib/liblangid.dylib
0x0000000027531000 	/System/Library/PrivateFrameworks/MultitouchSupport.framework/Versions/A/MultitouchSupport
0x0000000027531000 	/System/Library/Frameworks/IOKit.framework/Versions/A/IOKit
0x0000000027531000 	/usr/lib/libDiagnosticMessagesClient.dylib
0x0000000027531000 	/System/Library/Frameworks/CoreServices.framework/Versions/A/CoreServices
0x0000000027531000 	/System/Library/PrivateFrameworks/PerformanceAnalysis.framework/Versions/A/PerformanceAnalysis
0x0000000027531000 	/System/Library/Frameworks/OpenGL.framework/Versions/A/OpenGL
0x0000000027531000 	/System/Library/Frameworks/ColorSync.framework/Versions/A/ColorSync
0x0000000027531000 	/System/Library/Frameworks/CoreImage.framework/Versions/A/CoreImage
0x0000000027531000 	/System/Library/Frameworks/CoreText.framework/Versions/A/CoreText
0x0000000027531000 	/System/Library/Frameworks/ImageIO.framework/Versions/A/ImageIO
0x0000000027531000 	/System/Library/PrivateFrameworks/Backup.framework/Versions/A/Backup
0x0000000027531000 	/usr/lib/libarchive.2.dylib
0x0000000027531000 	/System/Library/Frameworks/CFNetwork.framework/Versions/A/CFNetwork
0x0000000027531000 	/System/Library/Frameworks/SystemConfiguration.framework/Versions/A/SystemConfiguration
0x0000000027531000 	/usr/lib/libCRFSuite.dylib
0x0000000027531000 	/usr/lib/libc++.1.dylib
0x0000000027531000 	/usr/lib/libc++abi.dylib
0x0000000027531000 	/usr/lib/system/libcache.dylib
0x0000000027531000 	/usr/lib/system/libcommonCrypto.dylib
0x0000000027531000 	/usr/lib/system/libcompiler_rt.dylib
0x0000000027531000 	/usr/lib/system/libcopyfile.dylib
0x0000000027531000 	/usr/lib/system/libcorecrypto.dylib
0x0000000027531000 	/usr/lib/system/libdispatch.dylib
0x0000000027531000 	/usr/lib/system/libdyld.dylib
0x0000000027531000 	/usr/lib/system/libkeymgr.dylib
0x0000000027531000 	/usr/lib/system/liblaunch.dylib
0x0000000027531000 	/usr/lib/system/libmacho.dylib
0x0000000027531000 	/usr/lib/system/libquarantine.dylib
0x0000000027531000 	/usr/lib/system/libremovefile.dylib
0x0000000027531000 	/usr/lib/system/libsystem_asl.dylib
0x0000000027531000 	/usr/lib/system/libsystem_blocks.dylib
0x0000000027531000 	/usr/lib/system/libsystem_c.dylib
0x0000000027531000 	/usr/lib/system/libsystem_configuration.dylib
0x0000000027531000 	/usr/lib/system/libsystem_coreservices.dylib
0x0000000027531000 	/usr/lib/system/libsystem_darwin.dylib
0x0000000027531000 	/usr/lib/system/libsystem_dnssd.dylib
0x0000000027531000 	/usr/lib/system/libsystem_info.dylib
0x0000000027531000 	/usr/lib/system/libsystem_m.dylib
0x0000000027531000 	/usr/lib/system/libsystem_malloc.dylib
0x0000000027531000 	/usr/lib/system/libsystem_network.dylib
0x0000000027531000 	/usr/lib/system/libsystem_networkextension.dylib
0x0000000027531000 	/usr/lib/system/libsystem_notify.dylib
0x0000000027531000 	/usr/lib/system/libsystem_sandbox.dylib
0x0000000027531000 	/usr/lib/system/libsystem_secinit.dylib
0x0000000027531000 	/usr/lib/system/libsystem_kernel.dylib
0x0000000027531000 	/usr/lib/system/libsystem_platform.dylib
0x0000000027531000 	/usr/lib/system/libsystem_pthread.dylib
0x0000000027531000 	/usr/lib/system/libsystem_symptoms.dylib
0x0000000027531000 	/usr/lib/system/libsystem_trace.dylib
0x0000000027531000 	/usr/lib/system/libunwind.dylib
0x0000000027531000 	/usr/lib/system/libxpc.dylib
0x0000000027531000 	/usr/lib/closure/libclosured.dylib
0x0000000027531000 	/usr/lib/libbsm.0.dylib
0x0000000027531000 	/usr/lib/system/libkxld.dylib
0x0000000027531000 	/usr/lib/libOpenScriptingUtil.dylib
0x0000000027531000 	/usr/lib/libcoretls.dylib
0x0000000027531000 	/usr/lib/libcoretls_cfhelpers.dylib
0x0000000027531000 	/usr/lib/libpam.2.dylib
0x0000000027531000 	/usr/lib/libsqlite3.dylib
0x0000000027531000 	/usr/lib/libxar.1.dylib
0x0000000027531000 	/usr/lib/libbz2.1.0.dylib
0x0000000027531000 	/usr/lib/liblzma.5.dylib
0x0000000027531000 	/usr/lib/libnetwork.dylib
0x0000000027531000 	/usr/lib/libapple_nghttp2.dylib
0x0000000027531000 	/usr/lib/libpcap.A.dylib
0x0000000027531000 	/usr/lib/libboringssl.dylib
0x0000000027531000 	/usr/lib/libusrtcp.dylib
0x0000000027531000 	/usr/lib/libapple_crypto.dylib
0x0000000027531000 	/System/Library/Frameworks/CoreServices.framework/Versions/A/Frameworks/FSEvents.framework/Versions/A/FSEvents
0x0000000027531000 	/System/Library/Frameworks/CoreServices.framework/Versions/A/Frameworks/CarbonCore.framework/Versions/A/CarbonCore
0x0000000027531000 	/System/Library/Frameworks/CoreServices.framework/Versions/A/Frameworks/Metadata.framework/Versions/A/Metadata
0x0000000027531000 	/System/Library/Frameworks/CoreServices.framework/Versions/A/Frameworks/OSServices.framework/Versions/A/OSServices
0x0000000027531000 	/System/Library/Frameworks/CoreServices.framework/Versions/A/Frameworks/SearchKit.framework/Versions/A/SearchKit
0x0000000027531000 	/System/Library/Frameworks/CoreServices.framework/Versions/A/Frameworks/AE.framework/Versions/A/AE
0x0000000027531000 	/System/Library/Frameworks/CoreServices.framework/Versions/A/Frameworks/LaunchServices.framework/Versions/A/LaunchServices
0x0000000027531000 	/System/Library/Frameworks/CoreServices.framework/Versions/A/Frameworks/DictionaryServices.framework/Versions/A/DictionaryServices
0x0000000027531000 	/System/Library/Frameworks/CoreServices.framework/Versions/A/Frameworks/SharedFileList.framework/Versions/A/SharedFileList
0x0000000027531000 	/System/Library/Frameworks/NetFS.framework/Versions/A/NetFS
0x0000000027531000 	/System/Library/PrivateFrameworks/NetAuth.framework/Versions/A/NetAuth
0x0000000027531000 	/System/Library/PrivateFrameworks/login.framework/Versions/A/Frameworks/loginsupport.framework/Versions/A/loginsupport
0x0000000027531000 	/System/Library/PrivateFrameworks/TCC.framework/Versions/A/TCC
0x0000000027531000 	/usr/lib/libmecabra.dylib
0x0000000027531000 	/System/Library/Frameworks/ApplicationServices.framework/Versions/A/Frameworks/ATS.framework/Versions/A/ATS
0x0000000027531000 	/System/Library/Frameworks/ApplicationServices.framework/Versions/A/Frameworks/ColorSyncLegacy.framework/Versions/A/ColorSyncLegacy
0x0000000027531000 	/System/Library/Frameworks/ApplicationServices.framework/Versions/A/Frameworks/HIServices.framework/Versions/A/HIServices
0x0000000027531000 	/System/Library/Frameworks/ApplicationServices.framework/Versions/A/Frameworks/LangAnalysis.framework/Versions/A/LangAnalysis
0x0000000027531000 	/System/Library/Frameworks/ApplicationServices.framework/Versions/A/Frameworks/PrintCore.framework/Versions/A/PrintCore
0x0000000027531000 	/System/Library/Frameworks/ApplicationServices.framework/Versions/A/Frameworks/QD.framework/Versions/A/QD
0x0000000027531000 	/System/Library/Frameworks/ApplicationServices.framework/Versions/A/Frameworks/SpeechSynthesis.framework/Versions/A/SpeechSynthesis
0x0000000027531000 	/System/Library/Frameworks/CoreDisplay.framework/Versions/A/CoreDisplay
0x0000000027531000 	/System/Library/Frameworks/Accelerate.framework/Versions/A/Frameworks/vImage.framework/Versions/A/vImage
0x0000000027531000 	/System/Library/Frameworks/Accelerate.framework/Versions/A/Frameworks/vecLib.framework/Versions/A/vecLib
0x0000000027531000 	/System/Library/Frameworks/Accelerate.framework/Versions/A/Frameworks/vecLib.framework/Versions/A/libvDSP.dylib
0x0000000027531000 	/System/Library/Frameworks/Accelerate.framework/Versions/A/Frameworks/vecLib.framework/Versions/A/libBNNS.dylib
0x0000000027531000 	/System/Library/Frameworks/Accelerate.framework/Versions/A/Frameworks/vecLib.framework/Versions/A/libQuadrature.dylib
0x0000000027531000 	/System/Library/Frameworks/Accelerate.framework/Versions/A/Frameworks/vecLib.framework/Versions/A/libvMisc.dylib
0x0000000027531000 	/System/Library/Frameworks/Accelerate.framework/Versions/A/Frameworks/vecLib.framework/Versions/A/libLAPACK.dylib
0x0000000027531000 	/System/Library/Frameworks/Accelerate.framework/Versions/A/Frameworks/vecLib.framework/Versions/A/libBLAS.dylib
0x0000000027531000 	/System/Library/Frameworks/Accelerate.framework/Versions/A/Frameworks/vecLib.framework/Versions/A/libLinearAlgebra.dylib
0x0000000027531000 	/System/Library/Frameworks/Accelerate.framework/Versions/A/Frameworks/vecLib.framework/Versions/A/libSparse.dylib
0x0000000027531000 	/System/Library/Frameworks/Accelerate.framework/Versions/A/Frameworks/vecLib.framework/Versions/A/libSparseBLAS.dylib
0x0000000027531000 	/System/Library/PrivateFrameworks/IOAccelerator.framework/Versions/A/IOAccelerator
0x0000000027531000 	/System/Library/PrivateFrameworks/IOPresentment.framework/Versions/A/IOPresentment
0x0000000027531000 	/System/Library/PrivateFrameworks/DSExternalDisplay.framework/Versions/A/DSExternalDisplay
0x0000000027531000 	/System/Library/Frameworks/OpenGL.framework/Versions/A/Libraries/libCoreFSCache.dylib
0x0000000027531000 	/System/Library/Frameworks/CoreVideo.framework/Versions/A/CoreVideo
0x0000000027531000 	/System/Library/PrivateFrameworks/GraphVisualizer.framework/Versions/A/GraphVisualizer
0x0000000027531000 	/System/Library/Frameworks/MetalPerformanceShaders.framework/Versions/A/MetalPerformanceShaders
0x0000000027531000 	/usr/lib/libFosl_dynamic.dylib
0x0000000027531000 	/System/Library/PrivateFrameworks/FaceCore.framework/Versions/A/FaceCore
0x0000000027531000 	/System/Library/Frameworks/OpenCL.framework/Versions/A/OpenCL
0x0000000027531000 	/usr/lib/libcompression.dylib
0x0000000027531000 	/System/Library/Frameworks/ApplicationServices.framework/Versions/A/Frameworks/ATS.framework/Versions/A/Resources/libFontParser.dylib
0x0000000027531000 	/System/Library/Frameworks/ApplicationServices.framework/Versions/A/Frameworks/ATS.framework/Versions/A/Resources/libFontRegistry.dylib
0x0000000027531000 	/System/Library/Frameworks/ImageIO.framework/Versions/A/Resources/libJPEG.dylib
0x0000000027531000 	/System/Library/Frameworks/ImageIO.framework/Versions/A/Resources/libTIFF.dylib
0x0000000027531000 	/System/Library/Frameworks/ImageIO.framework/Versions/A/Resources/libPng.dylib
0x0000000027531000 	/System/Library/Frameworks/ImageIO.framework/Versions/A/Resources/libGIF.dylib
0x0000000027531000 	/System/Library/Frameworks/ImageIO.framework/Versions/A/Resources/libJP2.dylib
0x0000000027531000 	/System/Library/Frameworks/ImageIO.framework/Versions/A/Resources/libRadiance.dylib
0x0000000027531000 	/System/Library/PrivateFrameworks/AppleJPEG.framework/Versions/A/AppleJPEG
0x0000000027531000 	/System/Library/PrivateFrameworks/MetalTools.framework/Versions/A/MetalTools
0x0000000027531000 	/System/Library/Frameworks/MetalPerformanceShaders.framework/Frameworks/MPSCore.framework/Versions/A/MPSCore
0x0000000027531000 	/System/Library/Frameworks/MetalPerformanceShaders.framework/Frameworks/MPSImage.framework/Versions/A/MPSImage
0x0000000027531000 	/System/Library/Frameworks/MetalPerformanceShaders.framework/Frameworks/MPSMatrix.framework/Versions/A/MPSMatrix
0x0000000027531000 	/System/Library/Frameworks/MetalPerformanceShaders.framework/Frameworks/MPSNeuralNetwork.framework/Versions/A/MPSNeuralNetwork
0x0000000027531000 	/System/Library/Frameworks/OpenGL.framework/Versions/A/Libraries/libGLU.dylib
0x0000000027531000 	/System/Library/Frameworks/OpenGL.framework/Versions/A/Libraries/libGFXShared.dylib
0x0000000027531000 	/System/Library/Frameworks/OpenGL.framework/Versions/A/Libraries/libGL.dylib
0x0000000027531000 	/System/Library/Frameworks/OpenGL.framework/Versions/A/Libraries/libGLImage.dylib
0x0000000027531000 	/System/Library/Frameworks/OpenGL.framework/Versions/A/Libraries/libCVMSPluginSupport.dylib
0x0000000027531000 	/System/Library/Frameworks/OpenGL.framework/Versions/A/Libraries/libCoreVMClient.dylib
0x0000000027531000 	/usr/lib/libcups.2.dylib
0x0000000027531000 	/System/Library/Frameworks/Kerberos.framework/Versions/A/Kerberos
0x0000000027531000 	/System/Library/Frameworks/GSS.framework/Versions/A/GSS
0x0000000027531000 	/usr/lib/libresolv.9.dylib
0x0000000027531000 	/usr/lib/libiconv.2.dylib
0x0000000027531000 	/System/Library/PrivateFrameworks/Heimdal.framework/Versions/A/Heimdal
0x0000000027531000 	/usr/lib/libheimdal-asn1.dylib
0x0000000027531000 	/System/Library/Frameworks/OpenDirectory.framework/Versions/A/OpenDirectory
0x0000000027531000 	/System/Library/PrivateFrameworks/CommonAuth.framework/Versions/A/CommonAuth
0x0000000027531000 	/System/Library/Frameworks/OpenDirectory.framework/Versions/A/Frameworks/CFOpenDirectory.framework/Versions/A/CFOpenDirectory
0x0000000027531000 	/System/Library/Frameworks/SecurityFoundation.framework/Versions/A/SecurityFoundation
0x0000000027531000 	/System/Library/PrivateFrameworks/APFS.framework/Versions/A/APFS
0x0000000027531000 	/usr/lib/libutil.dylib
0x0000000027531000 	/System/Library/PrivateFrameworks/AppleSauce.framework/Versions/A/AppleSauce
0x0000000027531000 	/System/Library/PrivateFrameworks/LinguisticData.framework/Versions/A/LinguisticData
0x0000000027531000 	/usr/lib/libmarisa.dylib
0x0000000027531000 	/System/Library/PrivateFrameworks/Lexicon.framework/Versions/A/Lexicon
0x0000000027531000 	/usr/lib/libChineseTokenizer.dylib
0x0000000027531000 	/usr/lib/libcmph.dylib
0x0000000027531000 	/System/Library/PrivateFrameworks/LanguageModeling.framework/Versions/A/LanguageModeling
0x0000000027531000 	/System/Library/PrivateFrameworks/CoreEmoji.framework/Versions/A/CoreEmoji
0x0000000027531000 	/System/Library/Frameworks/ServiceManagement.framework/Versions/A/ServiceManagement
0x0000000027531000 	/System/Library/PrivateFrameworks/BackgroundTaskManagement.framework/Versions/A/BackgroundTaskManagement
0x0000000027531000 	/usr/lib/libxslt.1.dylib
0x0000000027531000 	/System/Library/Frameworks/Carbon.framework/Versions/A/Frameworks/Ink.framework/Versions/A/Ink
0x0000000027531000 	/System/Library/PrivateFrameworks/TextureIO.framework/Versions/A/TextureIO
0x0000000027531000 	/usr/lib/libate.dylib
0x0000000027531000 	/System/Library/PrivateFrameworks/CrashReporterSupport.framework/Versions/A/CrashReporterSupport
0x0000000027531000 	/System/Library/PrivateFrameworks/Sharing.framework/Versions/A/Sharing
0x0000000027531000 	/System/Library/PrivateFrameworks/IconServices.framework/Versions/A/IconServices
0x0000000027531000 	/System/Library/PrivateFrameworks/ProtocolBuffer.framework/Versions/A/ProtocolBuffer
0x0000000027531000 	/System/Library/PrivateFrameworks/Apple80211.framework/Versions/A/Apple80211
0x0000000027531000 	/System/Library/Frameworks/CoreWLAN.framework/Versions/A/CoreWLAN
0x0000000027531000 	/System/Library/PrivateFrameworks/CoreUtils.framework/Versions/A/CoreUtils
0x0000000027531000 	/System/Library/Frameworks/IOBluetooth.framework/Versions/A/IOBluetooth
0x0000000027531000 	/System/Library/PrivateFrameworks/CoreWiFi.framework/Versions/A/CoreWiFi
0x0000000027531000 	/System/Library/Frameworks/CoreBluetooth.framework/Versions/A/CoreBluetooth
0x0000000027531000 	/System/Library/PrivateFrameworks/SignpostNotification.framework/Versions/A/SignpostNotification
0x0000000027531000 	/System/Library/PrivateFrameworks/DebugSymbols.framework/Versions/A/DebugSymbols
0x0000000027531000 	/System/Library/PrivateFrameworks/CoreSymbolication.framework/Versions/A/CoreSymbolication
0x0000000027531000 	/System/Library/PrivateFrameworks/Symbolication.framework/Versions/A/Symbolication
0x0000000027531000 	/System/Library/PrivateFrameworks/AppleFSCompression.framework/Versions/A/AppleFSCompression
0x0000000027531000 	/System/Library/PrivateFrameworks/SpeechRecognitionCore.framework/Versions/A/SpeechRecognitionCore
0x0000000101e00000 	/Library/Java/JavaVirtualMachines/jdk1.8.0_51.jdk/Contents/Home/jre/lib/server/libjvm.dylib
0x0000000027531000 	/usr/lib/libstdc++.6.0.9.dylib
0x0000000101522000 	/Library/Java/JavaVirtualMachines/jdk1.8.0_51.jdk/Contents/Home/jre/lib/libverify.dylib
0x0000000101530000 	/Library/Java/JavaVirtualMachines/jdk1.8.0_51.jdk/Contents/Home/jre/lib/libjava.dylib
0x00000001015af000 	/Library/Java/JavaVirtualMachines/jdk1.8.0_51.jdk/Contents/Home/jre/lib/libzip.dylib
0x0000000027531000 	/System/Library/Frameworks/JavaVM.framework/Versions/A/Frameworks/JavaRuntimeSupport.framework/Versions/A/JavaRuntimeSupport
0x0000000027531000 	/System/Library/Frameworks/JavaVM.framework/Versions/A/Frameworks/JavaNativeFoundation.framework/Versions/A/JavaNativeFoundation
0x0000000027531000 	/System/Library/Frameworks/JavaVM.framework/Versions/A/JavaVM
0x0000000027531000 	/System/Library/Frameworks/Carbon.framework/Versions/A/Carbon
0x0000000027531000 	/System/Library/PrivateFrameworks/JavaLaunching.framework/Versions/A/JavaLaunching
0x0000000027531000 	/System/Library/Frameworks/Carbon.framework/Versions/A/Frameworks/CommonPanels.framework/Versions/A/CommonPanels
0x0000000027531000 	/System/Library/Frameworks/Carbon.framework/Versions/A/Frameworks/Help.framework/Versions/A/Help
0x0000000027531000 	/System/Library/Frameworks/Carbon.framework/Versions/A/Frameworks/ImageCapture.framework/Versions/A/ImageCapture
0x0000000027531000 	/System/Library/Frameworks/Carbon.framework/Versions/A/Frameworks/OpenScripting.framework/Versions/A/OpenScripting
0x0000000027531000 	/System/Library/Frameworks/Carbon.framework/Versions/A/Frameworks/Print.framework/Versions/A/Print
0x0000000027531000 	/System/Library/Frameworks/Carbon.framework/Versions/A/Frameworks/SecurityHI.framework/Versions/A/SecurityHI
0x0000000108b5e000 	/Library/Java/JavaVirtualMachines/jdk1.8.0_51.jdk/Contents/Home/jre/lib/libprism_es2.dylib
0x0000000027531000 	/System/Library/PrivateFrameworks/CoreServicesInternal.framework/Versions/A/CoreServicesInternal
0x0000000027531000 	/System/Library/Frameworks/OpenGL.framework/Versions/A/Resources/GLEngine.bundle/GLEngine
0x0000000027531000 	/System/Library/Frameworks/OpenGL.framework/Versions/A/Libraries/libGLProgrammability.dylib
0x0000000108c01000 	/System/Library/Extensions/AppleIntelHD4000GraphicsGLDriver.bundle/Contents/MacOS/AppleIntelHD4000GraphicsGLDriver
0x0000000027531000 	/System/Library/PrivateFrameworks/GPUSupport.framework/Versions/A/Libraries/libGPUSupportMercury.dylib
0x0000000027531000 	/System/Library/Frameworks/OpenGL.framework/Versions/A/Resources/GLRendererFloat.bundle/GLRendererFloat
0x0000000027531000 	/System/Library/Frameworks/OpenCL.framework/Versions/A/Libraries/libcldcpuengine.dylib
0x0000000027531000 	/usr/lib/libcrypto.35.dylib
0x0000000027531000 	/System/Library/PrivateFrameworks/TrustEvaluationAgent.framework/Versions/A/TrustEvaluationAgent
0x0000000109795000 	/Library/Java/JavaVirtualMachines/jdk1.8.0_51.jdk/Contents/Home/jre/lib/libglass.dylib
0x0000000027531000 	/System/Library/CoreServices/RawCamera.bundle/Contents/MacOS/RawCamera
0x0000000027531000 	/System/Library/PrivateFrameworks/MobileAsset.framework/Versions/A/MobileAsset
0x0000000027531000 	/System/Library/PrivateFrameworks/StreamingZip.framework/Versions/A/StreamingZip
0x0000000027531000 	/System/Library/Frameworks/MediaToolbox.framework/Versions/A/MediaToolbox
0x0000000027531000 	/System/Library/PrivateFrameworks/CoreAVCHD.framework/Versions/A/CoreAVCHD
0x0000000027531000 	/System/Library/Frameworks/MediaAccessibility.framework/Versions/A/MediaAccessibility
0x0000000027531000 	/System/Library/PrivateFrameworks/Mangrove.framework/Versions/A/Mangrove
0x0000000027531000 	/System/Library/Frameworks/CoreMedia.framework/Versions/A/CoreMedia
0x0000000027531000 	/System/Library/Frameworks/VideoToolbox.framework/Versions/A/VideoToolbox
0x0000000027531000 	/System/Library/PrivateFrameworks/CoreAUC.framework/Versions/A/CoreAUC
0x0000000027531000 	/usr/lib/libspindump.dylib
0x0000000027531000 	/usr/lib/libdscsym.dylib
0x0000000027531000 	/System/Library/PrivateFrameworks/AppleVA.framework/Versions/A/AppleVA
0x0000000027531000 	/System/Library/Frameworks/Accelerate.framework/Versions/A/Frameworks/vImage.framework/Versions/A/Libraries/libCGInterfaces.dylib
0x0000000027531000 	/System/Library/PrivateFrameworks/FamilyControls.framework/Versions/A/FamilyControls
0x0000000027531000 	/System/Library/PrivateFrameworks/CommerceKit.framework/Versions/A/Frameworks/CommerceCore.framework/Versions/A/CommerceCore
0x0000000027531000 	/System/Library/PrivateFrameworks/SystemAdministration.framework/Versions/A/SystemAdministration
0x0000000027531000 	/System/Library/PrivateFrameworks/AppContainer.framework/Versions/A/AppContainer
0x0000000027531000 	/System/Library/PrivateFrameworks/SecCodeWrapper.framework/Versions/A/SecCodeWrapper
0x0000000027531000 	/System/Library/PrivateFrameworks/DiskManagement.framework/Versions/A/DiskManagement
0x0000000027531000 	/System/Library/Frameworks/DirectoryService.framework/Versions/A/DirectoryService
0x0000000027531000 	/System/Library/PrivateFrameworks/DiskImages.framework/Versions/A/DiskImages
0x0000000027531000 	/System/Library/PrivateFrameworks/LoginUIKit.framework/Versions/A/Frameworks/LoginUICore.framework/Versions/A/LoginUICore
0x0000000027531000 	/usr/lib/libCoreStorage.dylib
0x0000000027531000 	/usr/lib/libcsfde.dylib
0x0000000027531000 	/usr/lib/libodfde.dylib
0x0000000027531000 	/System/Library/PrivateFrameworks/MediaKit.framework/Versions/A/MediaKit
0x0000000027531000 	/System/Library/Frameworks/DiscRecording.framework/Versions/A/DiscRecording
0x0000000027531000 	/System/Library/PrivateFrameworks/EFILogin.framework/Versions/A/EFILogin
0x0000000027531000 	/System/Library/PrivateFrameworks/ProtectedCloudStorage.framework/Versions/A/ProtectedCloudStorage
0x0000000027531000 	/usr/lib/libcurl.4.dylib
0x0000000027531000 	/usr/lib/libssl.35.dylib
0x0000000027531000 	/System/Library/Frameworks/LDAP.framework/Versions/A/LDAP
0x0000000027531000 	/usr/lib/libsasl2.2.dylib
0x0000000027531000 	/System/Library/PrivateFrameworks/CoreDaemon.framework/Versions/B/CoreDaemon
0x0000000027531000 	/System/Library/PrivateFrameworks/AppleSRP.framework/Versions/A/AppleSRP
0x000000011a36f000 	/Library/Java/JavaVirtualMachines/jdk1.8.0_51.jdk/Contents/Home/jre/lib/libjfxwebkit.dylib
0x0000000109ee9000 	/Library/Java/JavaVirtualMachines/jdk1.8.0_51.jdk/Contents/Home/jre/lib/libjavafx_font.dylib
0x0000000027531000 	/System/Library/Frameworks/ApplicationServices.framework/Versions/A/Frameworks/ATS.framework/Versions/A/Resources/libTrueTypeScaler.dylib
0x000000011fd98000 	/Library/Java/JavaVirtualMachines/jdk1.8.0_51.jdk/Contents/Home/jre/lib/libprism_common.dylib
0x0000000027531000 	/System/Library/Extensions/AppleIntelHD4000GraphicsMTLDriver.bundle/Contents/MacOS/AppleIntelHD4000GraphicsMTLDriver
0x0000000027531000 	/System/Library/PrivateFrameworks/GPUCompiler.framework/Versions/3802/Libraries/libmetal_timestamp.dylib
0x000000011902b000 	/Library/Java/JavaVirtualMachines/jdk1.8.0_51.jdk/Contents/Home/jre/lib/libnio.dylib
0x000000011903b000 	/Library/Java/JavaVirtualMachines/jdk1.8.0_51.jdk/Contents/Home/jre/lib/./libnet.dylib
0x0000000122705000 	/Library/Java/JavaVirtualMachines/jdk1.8.0_51.jdk/Contents/Home/jre/lib/libsunec.dylib
0x00000001248e0000 	/Library/Java/JavaVirtualMachines/jdk1.8.0_51.jdk/Contents/Home/jre/lib/libjavafx_iio.dylib
0x0000000127e62000 	/Library/Java/JavaVirtualMachines/jdk1.8.0_51.jdk/Contents/Home/jre/lib/libglib-lite.dylib
0x0000000127f88000 	/Library/Java/JavaVirtualMachines/jdk1.8.0_51.jdk/Contents/Home/jre/lib/libgstreamer-lite.dylib
0x000000012810b000 	/Library/Java/JavaVirtualMachines/jdk1.8.0_51.jdk/Contents/Home/jre/lib/libjfxmedia.dylib
0x000000012814c000 	/Library/Java/JavaVirtualMachines/jdk1.8.0_51.jdk/Contents/Home/jre/lib/libjfxmedia_avf.dylib
0x0000000027531000 	/System/Library/Frameworks/AVFoundation.framework/Versions/A/AVFoundation
0x0000000027531000 	/System/Library/Frameworks/AVFoundation.framework/Versions/A/Frameworks/AVFAudio.framework/Versions/A/AVFAudio
0x0000000027531000 	/System/Library/PrivateFrameworks/IntlPreferences.framework/Versions/A/IntlPreferences
0x0000000027531000 	/System/Library/Frameworks/CoreMediaIO.framework/Versions/A/CoreMediaIO
0x0000000027531000 	/System/Library/PrivateFrameworks/RemoteServiceDiscovery.framework/Versions/A/RemoteServiceDiscovery
0x0000000027531000 	/System/Library/PrivateFrameworks/RemoteXPC.framework/Versions/A/RemoteXPC
0x0000000027531000 	/System/Library/PrivateFrameworks/InternationalSupport.framework/Versions/A/InternationalSupport
0x000000011d491000 	/Library/Java/JavaVirtualMachines/jdk1.8.0_51.jdk/Contents/Home/jre/lib/libjfxmedia_qtkit.dylib
0x0000000027531000 	/System/Library/Frameworks/QTKit.framework/Versions/A/QTKit
0x0000000027531000 	/System/Library/PrivateFrameworks/CoreMediaAuthoring.framework/Versions/A/CoreMediaAuthoring
0x000000011d450000 	/Library/Java/JavaVirtualMachines/jdk1.8.0_51.jdk/Contents/Home/jre/lib/libfxplugins.dylib
0x0000000027531000 	/System/Library/Frameworks/VideoDecodeAcceleration.framework/Versions/A/VideoDecodeAcceleration
0x000000011d47b000 	/System/Library/Extensions/AppleHDA.kext/Contents/PlugIns/AppleHDAHALPlugIn.bundle/Contents/MacOS/AppleHDAHALPlugIn
0x000000012ae9f000 	/System/Library/Components/CoreAudio.component/Contents/MacOS/CoreAudio
0x0000000027531000 	/System/Library/PrivateFrameworks/AppleGVA.framework/Versions/A/AppleGVA
0x000000012c0e9000 	/System/Library/Extensions/AppleIntelHD4000GraphicsVADriver.bundle/Contents/MacOS/AppleIntelHD4000GraphicsVADriver
0x000000011c620000 	/System/Library/Extensions/AppleIntelIVBVA.bundle/Contents/MacOS/AppleIntelIVBVA
0x000000012e735000 	/System/Library/Components/AudioCodecs.component/Contents/MacOS/AudioCodecs
0x0000000027531000 	/usr/lib/libsystemstats.dylib
0x0000000027531000 	/System/Library/PrivateFrameworks/RTCReporting.framework/Versions/A/RTCReporting
0x0000000027531000 	/System/Library/PrivateFrameworks/WirelessDiagnostics.framework/Versions/A/WirelessDiagnostics
0x0000000027531000 	/System/Library/PrivateFrameworks/WirelessDiagnostics.framework/Versions/A/Libraries/libAWDSupportFramework.dylib
0x0000000027531000 	/System/Library/PrivateFrameworks/WirelessDiagnostics.framework/Versions/A/Libraries/libprotobuf-lite.dylib
0x0000000027531000 	/System/Library/PrivateFrameworks/CoreAnalytics.framework/Versions/A/CoreAnalytics
0x0000000027531000 	/usr/lib/libTelephonyUtilDynamic.dylib
0x0000000027531000 	/System/Library/PrivateFrameworks/WirelessDiagnostics.framework/Versions/A/Libraries/libprotobuf.dylib

VM Arguments:
jvm_args: -Dfile.encoding=UTF-8 
java_command: /Users/jpc/Netbeans/Ensino/IHC/FXBrowser/dist/run382424526/FXBrowser.jar
java_class_path (initial): /Users/jpc/Netbeans/Ensino/IHC/FXBrowser/dist/run382424526/FXBrowser.jar
Launcher Type: SUN_STANDARD

Environment Variables:
PATH=/usr/bin:/bin:/usr/sbin:/sbin
LD_LIBRARY_PATH=/Library/Java/JavaVirtualMachines/jdk1.8.0_51.jdk/Contents/Home/jre/lib/amd64:/Library/Java/JavaVirtualMachines/jdk1.8.0_51.jdk/Contents/Home/jre/lib/i386:
SHELL=/bin/bash
DISPLAY=/private/tmp/com.apple.launchd.qNaGqyDnrN/org.macosforge.xquartz:0

Signal Handlers:
SIGSEGV: [libjvm.dylib+0x58ef35], sa_mask[0]=11111111011111110111111111111111, sa_flags=SA_ONSTACK|SA_RESTART|SA_SIGINFO
SIGBUS: [libjvm.dylib+0x58ef35], sa_mask[0]=11111111011111110111111111111111, sa_flags=SA_RESTART|SA_SIGINFO
SIGFPE: [libjvm.dylib+0x46c028], sa_mask[0]=11111111011111110111111111111111, sa_flags=SA_RESTART|SA_SIGINFO
SIGPIPE: [libjvm.dylib+0x46c028], sa_mask[0]=11111111011111110111111111111111, sa_flags=SA_RESTART|SA_SIGINFO
SIGXFSZ: [libjvm.dylib+0x46c028], sa_mask[0]=11111111011111110111111111111111, sa_flags=SA_RESTART|SA_SIGINFO
SIGILL: [libjvm.dylib+0x46c028], sa_mask[0]=11111111011111110111111111111111, sa_flags=SA_RESTART|SA_SIGINFO
SIGUSR1: SIG_DFL, sa_mask[0]=00000000000000000000000000000000, sa_flags=none
SIGUSR2: [libjvm.dylib+0x46bb46], sa_mask[0]=00100000000000000000000000000000, sa_flags=SA_RESTART|SA_SIGINFO
SIGHUP: [libjvm.dylib+0x46a119], sa_mask[0]=11111111011111110111111111111111, sa_flags=SA_RESTART|SA_SIGINFO
SIGINT: SIG_IGN, sa_mask[0]=00000000000000000000000000000000, sa_flags=none
SIGTERM: [libjvm.dylib+0x46a119], sa_mask[0]=11111111011111110111111111111111, sa_flags=SA_RESTART|SA_SIGINFO
SIGQUIT: [libjvm.dylib+0x46a119], sa_mask[0]=11111111011111110111111111111111, sa_flags=SA_RESTART|SA_SIGINFO


---------------  S Y S T E M  ---------------

OS:Bsduname:Darwin 17.3.0 Darwin Kernel Version 17.3.0: Thu Nov  9 18:09:22 PST 2017; root:xnu-4570.31.3~1/RELEASE_X86_64 x86_64
rlimit: STACK 8192k, CORE 0k, NPROC 709, NOFILE 10240, AS infinity
load average:3.14 2.69 2.57

CPU:total 4 (2 cores per cpu, 2 threads per core) family 6 model 58 stepping 9, cmov, cx8, fxsr, mmx, sse, sse2, sse3, ssse3, sse4.1, sse4.2, popcnt, avx, aes, clmul, erms, ht, tsc, tscinvbit, tscinv

Memory: 4k page, physical 4194304k(23120k free)

/proc/meminfo:


vm_info: Java HotSpot(TM) 64-Bit Server VM (25.51-b03) for bsd-amd64 JRE (1.8.0_51-b16), built on Jun  8 2015 18:01:11 by "java_re" with gcc 4.2.1 (Based on Apple Inc. build 5658) (LLVM build 2336.11.00)

time: Thu Jan  4 11:12:34 2018
elapsed time: 43 seconds (0d 0h 0m 43s)

