#
# A fatal error has been detected by the Java Runtime Environment:
#
#  SIGSEGV (0xb) at pc=0x000000011f0f3608, pid=11273, tid=775
#
# JRE version: Java(TM) SE Runtime Environment (8.0_51-b16) (build 1.8.0_51-b16)
# Java VM: Java HotSpot(TM) 64-Bit Server VM (25.51-b03 mixed mode bsd-amd64 compressed oops)
# Problematic frame:
# C  [libjfxwebkit.dylib+0xeec608]  JSValueIsObjectOfClass+0x153a48
#
# Failed to write core dump. Core dumps have been disabled. To enable core dumping, try "ulimit -c unlimited" before starting Java again
#
# If you would like to submit a bug report, please visit:
#   http://bugreport.java.com/bugreport/crash.jsp
# The crash happened outside the Java Virtual Machine in native code.
# See problematic frame for where to report the bug.
#

---------------  T H R E A D  ---------------

Current thread (0x00007f8a91974000):  JavaThread "JavaFX Application Thread" [_thread_in_native, id=775, stack(0x00007ffeea088000,0x00007ffeea888000)]

siginfo: si_signo: 11 (SIGSEGV), si_code: 1 (SEGV_MAPERR), si_addr: 0x0000000000000001

Registers:
RAX=0x0000000000000001, RBX=0x00007ffeea882220, RCX=0x000000011fc606b8, RDX=0xffff000000000002
RSP=0x00007ffeea882200, RBP=0x00007ffeea882210, RSI=0x0000000000000000, RDI=0x00007ffeea882220
R8 =0x0000000056dd81b1, R9 =0x0000000000000021, R10=0x00007f8a993d0a30, R11=0x000000011f0f3590
R12=0x0000000000000200, R13=0x000000011fc606b8, R14=0xffff000000000000, R15=0xffff000000000002
RIP=0x000000011f0f3608, EFLAGS=0x0000000000010246, ERR=0x0000000000000004
  TRAPNO=0x000000000000000e

Top of Stack: (sp=0x00007ffeea882200)
0x00007ffeea882200:   00000001272eb078 ffff000000000000
0x00007ffeea882210:   00007ffeea8822c0 0000419acb5317e0
0x00007ffeea882220:   000000001e0bb3a8 0000000000000001
0x00007ffeea882230:   00007f8a9a2b8a90 00000001263fb6b0
0x00007ffeea882240:   00007f8a9ccc75f0 0000000125d8daf0
0x00007ffeea882250:   000000011fc60090 0000000000000001
0x00007ffeea882260:   0000000000000001 0000419acbf394a0
0x00007ffeea882270:   00007f8a914b8980 000000011fc606b8
0x00007ffeea882280:   0000000000000000 0000000000000000
0x00007ffeea882290:   00007f8a92a02e00 000000011fc60090
0x00007ffeea8822a0:   000000011fc600c8 00000001262acd70
0x00007ffeea8822b0:   00007f8aa0656e00 0000000121898ae8
0x00007ffeea8822c0:   00007ffeea882360 000000011f0b4eca
0x00007ffeea8822d0:   000000011e0bb2e0 00007f8a92a0be30
0x00007ffeea8822e0:   000000012167dcd8 00007f8a914b8980
0x00007ffeea8822f0:   00007f8a914b8970 000000021e0bb2e0
0x00007ffeea882300:   0000000128903ff0 00007ffeea8823a0
0x00007ffeea882310:   00007f8a92a02e00 00007f8a92a0be30
0x00007ffeea882320:   00007f8a92a0d840 000000011cf5a670
0x00007ffeea882330:   00007ffeea8823f0 000000011fc60090
0x00007ffeea882340:   0000000000c00000 0001000000000000
0x00007ffeea882350:   0000000128903ff0 00007ffeea8823b0
0x00007ffeea882360:   00007ffeea882380 000000011f185462
0x00007ffeea882370:   00007ffeea882408 000000011fc60038
0x00007ffeea882380:   00007ffeea882440 000000011f1a9b51
0x00007ffeea882390:   00007ffeea882430 00000001218e8240
0x00007ffeea8823a0:   00000001262acd70 0000000121898ae8
0x00007ffeea8823b0:   0000000800000000 0000000126ca5ca0
0x00007ffeea8823c0:   00007f8a91974000 00007f8a92a0be30
0x00007ffeea8823d0:   000000012126ae50 00007f8a9af1b600
0x00007ffeea8823e0:   00007f8a919741f8 000000011fc60038
0x00007ffeea8823f0:   00007ffeea8824d0 00007ffeea8823f0 

Instructions: (pc=0x000000011f0f3608)
0x000000011f0f35e8:   2e c1 74 08 41 be 01 00 00 00 eb 58 45 31 f6 eb
0x000000011f0f35f8:   53 48 ba 02 00 00 00 00 00 ff ff 48 85 c2 75 39
0x000000011f0f3608:   48 8b 10 80 7a 5c 05 75 0a 48 89 c7 e8 31 3e 0e
0x000000011f0f3618:   00 eb 2d f6 42 5d 01 75 04 b0 01 eb 12 48 8b 41 

Register to memory mapping:

RAX=0x0000000000000001 is an unknown value
RBX=0x00007ffeea882220 is pointing into the stack for thread: 0x00007f8a91974000
RCX=0x000000011fc606b8 is an unknown value
RDX=0xffff000000000002 is an unknown value
RSP=0x00007ffeea882200 is pointing into the stack for thread: 0x00007f8a91974000
RBP=0x00007ffeea882210 is pointing into the stack for thread: 0x00007f8a91974000
RSI=0x0000000000000000 is an unknown value
RDI=0x00007ffeea882220 is pointing into the stack for thread: 0x00007f8a91974000
R8 =0x0000000056dd81b1 is an unknown value
R9 =0x0000000000000021 is an unknown value
R10=0x00007f8a993d0a30 is an unknown value
R11=0x000000011f0f3590: JSValueIsObjectOfClass+0x1539d0 in /Library/Java/JavaVirtualMachines/jdk1.8.0_51.jdk/Contents/Home/jre/lib/libjfxwebkit.dylib at 0x000000011e207000
R12=0x0000000000000200 is an unknown value
R13=0x000000011fc606b8 is an unknown value
R14=0xffff000000000000 is an unknown value
R15=0xffff000000000002 is an unknown value


Stack: [0x00007ffeea088000,0x00007ffeea888000],  sp=0x00007ffeea882200,  free space=8168k
Native frames: (J=compiled Java code, j=interpreted, Vv=VM code, C=native code)
C  [libjfxwebkit.dylib+0xeec608]  JSValueIsObjectOfClass+0x153a48
C  0x0000419acb5317e0
C  [libjfxwebkit.dylib+0xeadeca]  JSValueIsObjectOfClass+0x11530a
C  [libjfxwebkit.dylib+0xf7e462]  JSValueIsObjectOfClass+0x1e58a2
C  [libjfxwebkit.dylib+0xfa2b51]  JSValueIsObjectOfClass+0x209f91
C  0x0000419aca8010e5
C  [libjfxwebkit.dylib+0xeadeca]  JSValueIsObjectOfClass+0x11530a
C  [libjfxwebkit.dylib+0xf7e462]  JSValueIsObjectOfClass+0x1e58a2
C  [libjfxwebkit.dylib+0x3c80e0]  Java_com_sun_webkit_dom_EventListenerImpl_twkDispatchEvent+0x9140
C  [libjfxwebkit.dylib+0x3f2ab1]  Java_com_sun_webkit_dom_EventListenerImpl_twkDispatchEvent+0x33b11
C  [libjfxwebkit.dylib+0x3f2d21]  Java_com_sun_webkit_dom_EventListenerImpl_twkDispatchEvent+0x33d81
C  [libjfxwebkit.dylib+0x874f23]  Java_com_sun_webkit_dom_EventListenerImpl_twkDispatchEvent+0x4b5f83
C  [libjfxwebkit.dylib+0x96e067]  Java_com_sun_webkit_network_URLLoader_twkWillSendRequest+0x19af7
J 2812  com.sun.webkit.Timer.twkFireTimerEvent()V (0 bytes) @ 0x000000010e7782ac [0x000000010e778200+0xac]
J 2811 C1 com.sun.webkit.Timer.fireTimerEvent(J)V (65 bytes) @ 0x000000010e77968c [0x000000010e779240+0x44c]
J 2806 C1 com.sun.webkit.Timer.notifyTick()V (29 bytes) @ 0x000000010e77732c [0x000000010e7770c0+0x26c]
J 2344 C1 javafx.scene.web.WebEngine$PulseTimer$$Lambda$75.pulse()V (4 bytes) @ 0x000000010e609044 [0x000000010e608ee0+0x164]
J 2983 C2 com.sun.javafx.tk.Toolkit$$Lambda$277.run()Ljava/lang/Object; (8 bytes) @ 0x000000010e7938a8 [0x000000010e793860+0x48]
v  ~StubRoutines::call_stub
V  [libjvm.dylib+0x2e01e2]  JavaCalls::call_helper(JavaValue*, methodHandle*, JavaCallArguments*, Thread*)+0x6ae
V  [libjvm.dylib+0x3386d0]  JVM_DoPrivileged+0x4b8
J 1621  java.security.AccessController.doPrivileged(Ljava/security/PrivilegedAction;Ljava/security/AccessControlContext;)Ljava/lang/Object; (0 bytes) @ 0x000000010e414655 [0x000000010e414580+0xd5]
J 2795 C1 com.sun.javafx.tk.Toolkit.firePulse()V (279 bytes) @ 0x000000010e75c944 [0x000000010e75a940+0x2004]
J 2520 C1 com.sun.javafx.tk.quantum.QuantumToolkit.pulse(Z)V (144 bytes) @ 0x000000010e68dfd4 [0x000000010e68d980+0x654]
J 2341 C1 com.sun.javafx.tk.quantum.QuantumToolkit$$Lambda$41.run()V (8 bytes) @ 0x000000010e607b8c [0x000000010e607980+0x20c]
J 6504 C2 com.sun.glass.ui.InvokeLaterDispatcher$Future.run()V (91 bytes) @ 0x000000010ee9b66c [0x000000010ee9b620+0x4c]
v  ~StubRoutines::call_stub
V  [libjvm.dylib+0x2e01e2]  JavaCalls::call_helper(JavaValue*, methodHandle*, JavaCallArguments*, Thread*)+0x6ae
V  [libjvm.dylib+0x316c9e]  jni_invoke_nonstatic(JNIEnv_*, JavaValue*, _jobject*, JNICallType, _jmethodID*, JNI_ArgumentPusher*, Thread*)+0x305
V  [libjvm.dylib+0x309459]  jni_CallVoidMethod+0x16b
C  [libglass.dylib+0x64e3]  -[GlassRunnable run]+0xa3
C  [Foundation+0x68125]  __NSThreadPerformPerform+0x14e
C  [CoreFoundation+0x9f711]  __CFRUNLOOP_IS_CALLING_OUT_TO_A_SOURCE0_PERFORM_FUNCTION__+0x11
C  [CoreFoundation+0x15739c]  __CFRunLoopDoSource0+0x6c
C  [CoreFoundation+0x82700]  __CFRunLoopDoSources0+0xd0
C  [CoreFoundation+0x81b7d]  __CFRunLoopRun+0x50d
C  [CoreFoundation+0x813d7]  CFRunLoopRunSpecific+0x1e7
C  [HIToolbox+0x2fe26]  RunCurrentEventLoopInMode+0x11e
C  [HIToolbox+0x2fb96]  ReceiveNextEventCommon+0x265
C  [HIToolbox+0x2f914]  _BlockUntilNextEventMatchingListInModeWithFilter+0x40
C  [AppKit+0x41f5f]  _DPSNextEvent+0x825
C  [AppKit+0x7d7b4c]  -[NSApplication(NSEvent) _nextEventMatchingEventMask:untilDate:inMode:dequeue:]+0xbe4
C  [AppKit+0x36d6d]  -[NSApplication run]+0x2fc
C  [libglass.dylib+0x4f47]  -[GlassApplication runLoop:]+0x6f7
C  [Foundation+0x68125]  __NSThreadPerformPerform+0x14e
C  [CoreFoundation+0x9f711]  __CFRUNLOOP_IS_CALLING_OUT_TO_A_SOURCE0_PERFORM_FUNCTION__+0x11
C  [CoreFoundation+0x15739c]  __CFRunLoopDoSource0+0x6c
C  [CoreFoundation+0x82700]  __CFRunLoopDoSources0+0xd0
C  [CoreFoundation+0x81b7d]  __CFRunLoopRun+0x50d
C  [CoreFoundation+0x813d7]  CFRunLoopRunSpecific+0x1e7
C  [java+0x6463]  CreateExecutionEnvironment+0x367
C  [java+0x21ac]  JLI_Launch+0x7a0
C  [java+0x84c0]  main+0x65
C  [java+0x1a04]  start+0x34
C  0x0000000000000006

Java frames: (J=compiled Java code, j=interpreted, Vv=VM code)
J 2812  com.sun.webkit.Timer.twkFireTimerEvent()V (0 bytes) @ 0x000000010e77823e [0x000000010e778200+0x3e]
J 2811 C1 com.sun.webkit.Timer.fireTimerEvent(J)V (65 bytes) @ 0x000000010e77968c [0x000000010e779240+0x44c]
J 2806 C1 com.sun.webkit.Timer.notifyTick()V (29 bytes) @ 0x000000010e77732c [0x000000010e7770c0+0x26c]
J 2344 C1 javafx.scene.web.WebEngine$PulseTimer$$Lambda$75.pulse()V (4 bytes) @ 0x000000010e609044 [0x000000010e608ee0+0x164]
J 2983 C2 com.sun.javafx.tk.Toolkit$$Lambda$277.run()Ljava/lang/Object; (8 bytes) @ 0x000000010e7938a8 [0x000000010e793860+0x48]
v  ~StubRoutines::call_stub
J 1621  java.security.AccessController.doPrivileged(Ljava/security/PrivilegedAction;Ljava/security/AccessControlContext;)Ljava/lang/Object; (0 bytes) @ 0x000000010e4145e3 [0x000000010e414580+0x63]
J 2795 C1 com.sun.javafx.tk.Toolkit.firePulse()V (279 bytes) @ 0x000000010e75c944 [0x000000010e75a940+0x2004]
J 2520 C1 com.sun.javafx.tk.quantum.QuantumToolkit.pulse(Z)V (144 bytes) @ 0x000000010e68dfd4 [0x000000010e68d980+0x654]
J 2341 C1 com.sun.javafx.tk.quantum.QuantumToolkit$$Lambda$41.run()V (8 bytes) @ 0x000000010e607b8c [0x000000010e607980+0x20c]
J 6504 C2 com.sun.glass.ui.InvokeLaterDispatcher$Future.run()V (91 bytes) @ 0x000000010ee9b66c [0x000000010ee9b620+0x4c]
v  ~StubRoutines::call_stub

---------------  P R O C E S S  ---------------

Java Threads: ( => current thread )
  0x00007f8a93793000 JavaThread "Thread-149" daemon [_thread_blocked, id=89679, stack(0x00007000050fa000,0x00007000051fa000)]
  0x00007f8a93119800 JavaThread "Thread-148" daemon [_thread_blocked, id=129379, stack(0x0000700004ff7000,0x00007000050f7000)]
  0x00007f8a9aee2800 JavaThread "Thread-147" daemon [_thread_blocked, id=66635, stack(0x0000700005609000,0x0000700005709000)]
  0x00007f8a82311800 JavaThread "Thread-146" daemon [_thread_blocked, id=129139, stack(0x0000700004ef4000,0x0000700004ff4000)]
  0x00007f8a93509800 JavaThread "Thread-145" daemon [_thread_blocked, id=89159, stack(0x0000700005506000,0x0000700005606000)]
  0x00007f8a81a68000 JavaThread "Thread-144" daemon [_thread_blocked, id=128035, stack(0x0000700005403000,0x0000700005503000)]
  0x00007f8aa0413800 JavaThread "Thread-143" daemon [_thread_blocked, id=128263, stack(0x0000700005912000,0x0000700005a12000)]
  0x00007f8a91f12000 JavaThread "URL-Loader-21" daemon [_thread_blocked, id=67331, stack(0x0000700004df1000,0x0000700004ef1000)]
  0x00007f8a91f81000 JavaThread "URL-Loader-20" daemon [_thread_blocked, id=67587, stack(0x0000700004cee000,0x0000700004dee000)]
  0x00007f8a91f0d800 JavaThread "URL-Loader-19" daemon [_thread_in_native, id=64007, stack(0x0000700004beb000,0x0000700004ceb000)]
  0x00007f8a92a58000 JavaThread "Thread-7" daemon [_thread_in_native, id=63747, stack(0x0000700001fdb000,0x000070000205b000)]
  0x00007f8a92e5b800 JavaThread "URL-Loader-18" daemon [_thread_in_native, id=68875, stack(0x0000700004ae8000,0x0000700004be8000)]
  0x00007f8a922c4800 JavaThread "URL-Loader-17" daemon [_thread_in_native, id=68619, stack(0x00007000049e5000,0x0000700004ae5000)]
  0x00007f8a92a36800 JavaThread "URL-Loader-16" daemon [_thread_in_native, id=69379, stack(0x00007000048e2000,0x00007000049e2000)]
  0x00007f8a91a66800 JavaThread "URL-Loader-15" daemon [_thread_blocked, id=69895, stack(0x00007000047df000,0x00007000048df000)]
  0x00007f8a91b95000 JavaThread "URL-Loader-14" daemon [_thread_in_native, id=62979, stack(0x00007000046dc000,0x00007000047dc000)]
  0x00007f8a922bf000 JavaThread "URL-Loader-13" daemon [_thread_blocked, id=33003, stack(0x00007000045d9000,0x00007000046d9000)]
  0x00007f8a922ba800 JavaThread "URL-Loader-12" daemon [_thread_in_native, id=61883, stack(0x00007000043d3000,0x00007000044d3000)]
  0x00007f8a91996800 JavaThread "URL-Loader-11" daemon [_thread_blocked, id=54555, stack(0x00007000044d6000,0x00007000045d6000)]
  0x00007f8a932fe000 JavaThread "Watchdog-Timer-1" daemon [_thread_blocked, id=70163, stack(0x00007000042d0000,0x00007000043d0000)]
  0x00007f8a91a67800 JavaThread "Keep-Alive-Timer" daemon [_thread_blocked, id=70675, stack(0x00007000041cd000,0x00007000042cd000)]
  0x00007f8a92fd6000 JavaThread "URL-Loader-10" daemon [_thread_blocked, id=71171, stack(0x00007000040ca000,0x00007000041ca000)]
  0x00007f8a92fe0800 JavaThread "URL-Loader-9" daemon [_thread_in_native, id=71427, stack(0x0000700003fc7000,0x00007000040c7000)]
  0x00007f8a91a7c800 JavaThread "URL-Loader-8" daemon [_thread_blocked, id=71687, stack(0x0000700003ec4000,0x0000700003fc4000)]
  0x00007f8a91a14000 JavaThread "URL-Loader-7" daemon [_thread_blocked, id=71939, stack(0x0000700003dc1000,0x0000700003ec1000)]
  0x00007f8a91a13800 JavaThread "URL-Loader-6" daemon [_thread_blocked, id=72195, stack(0x0000700003cbe000,0x0000700003dbe000)]
  0x00007f8a91a11000 JavaThread "URL-Loader-5" daemon [_thread_in_native, id=54039, stack(0x0000700003bbb000,0x0000700003cbb000)]
  0x00007f8a92fde000 JavaThread "URL-Loader-4" daemon [_thread_in_native, id=37931, stack(0x0000700003ab8000,0x0000700003bb8000)]
  0x00007f8a92e0c800 JavaThread "URL-Loader-3" daemon [_thread_blocked, id=43707, stack(0x00007000039b5000,0x0000700003ab5000)]
  0x00007f8a92e11000 JavaThread "URL-Loader-2" daemon [_thread_in_native, id=72923, stack(0x00007000037af000,0x00007000038af000)]
  0x00007f8a92c07800 JavaThread "Java Sound Event Dispatcher" daemon [_thread_blocked, id=73735, stack(0x00007000038b2000,0x00007000039b2000)]
  0x00007f8a92aec800 JavaThread "Prism Font Disposer" daemon [_thread_blocked, id=82519, stack(0x00007000035a6000,0x00007000036a6000)]
  0x00007f8a929f1000 JavaThread "Disposer" daemon [_thread_blocked, id=47875, stack(0x00007000034a3000,0x00007000035a3000)]
  0x00007f8a9196a800 JavaThread "JavaFX-Launcher" [_thread_blocked, id=47107, stack(0x000070000331d000,0x000070000341d000)]
  0x00007f8a92980800 JavaThread "Thread-3" daemon [_thread_in_native, id=29187, stack(0x0000700003194000,0x0000700003214000)]
=>0x00007f8a91974000 JavaThread "JavaFX Application Thread" [_thread_in_native, id=775, stack(0x00007ffeea088000,0x00007ffeea888000)]
  0x00007f8a9291a800 JavaThread "Thread-1" daemon [_thread_blocked, id=41739, stack(0x0000700003091000,0x0000700003191000)]
  0x00007f8a91889000 JavaThread "QuantumRenderer-0" daemon [_thread_blocked, id=15107, stack(0x0000700002f8e000,0x000070000308e000)]
  0x00007f8a9286b000 JavaThread "Service Thread" daemon [_thread_blocked, id=14595, stack(0x0000700002d88000,0x0000700002e88000)]
  0x00007f8a91832800 JavaThread "C1 CompilerThread2" daemon [_thread_blocked, id=18179, stack(0x0000700002c85000,0x0000700002d85000)]
  0x00007f8a91817800 JavaThread "C2 CompilerThread1" daemon [_thread_blocked, id=14339, stack(0x0000700002b82000,0x0000700002c82000)]
  0x00007f8a92878800 JavaThread "C2 CompilerThread0" daemon [_thread_blocked, id=14083, stack(0x0000700002a7f000,0x0000700002b7f000)]
  0x00007f8a9283c000 JavaThread "Signal Dispatcher" daemon [_thread_blocked, id=18951, stack(0x000070000297c000,0x0000700002a7c000)]
  0x00007f8a91814000 JavaThread "Finalizer" daemon [_thread_blocked, id=20227, stack(0x0000700002879000,0x0000700002979000)]
  0x00007f8a91800000 JavaThread "Reference Handler" daemon [_thread_blocked, id=20483, stack(0x0000700002776000,0x0000700002876000)]
  0x00007f8a92801000 JavaThread "main" [_thread_blocked, id=10243, stack(0x0000700002164000,0x0000700002264000)]

Other Threads:
  0x00007f8a92835000 VMThread [stack: 0x0000700002673000,0x0000700002773000] [id=20995]
  0x00007f8a93010800 WatcherThread [stack: 0x0000700002e8b000,0x0000700002f8b000] [id=17411]

VM state:not at safepoint (normal execution)

VM Mutex/Monitor currently owned by a thread: None

Heap:
 PSYoungGen      total 203264K, used 89069K [0x00000007aab00000, 0x00000007bea80000, 0x00000007c0000000)
  eden space 190464K, 40% used [0x00000007aab00000,0x00000007af5c78b8,0x00000007b6500000)
  from space 12800K, 97% used [0x00000007b6500000,0x00000007b7133df0,0x00000007b7180000)
  to   space 34816K, 0% used [0x00000007bc880000,0x00000007bc880000,0x00000007bea80000)
 ParOldGen       total 128000K, used 73519K [0x0000000780000000, 0x0000000787d00000, 0x00000007aab00000)
  object space 128000K, 57% used [0x0000000780000000,0x00000007847cbef0,0x0000000787d00000)
 Metaspace       used 26952K, capacity 28346K, committed 28592K, reserved 1075200K
  class space    used 3483K, capacity 3747K, committed 3760K, reserved 1048576K

Card table byte_map: [0x0000000106fa7000,0x00000001071a8000] byte_map_base: 0x00000001033a7000

Marking Bits: (ParMarkBitMap*) 0x00000001064c27a0
 Begin Bits: [0x00000001072fe000, 0x00000001082fe000)
 End Bits:   [0x00000001082fe000, 0x00000001092fe000)

Polling page: 0x00000001053f1000

CodeCache: size=245760Kb used=17688Kb max_used=17699Kb free=228071Kb
 bounds [0x000000010df18000, 0x000000010f088000, 0x000000011cf18000]
 total_blobs=6350 nmethods=5556 adapters=706
 compilation: enabled

Compilation events (10 events):
Event: 64.516 Thread 0x00007f8a92878800 nmethod 6573 0x000000010f072590 code [0x000000010f072720, 0x000000010f072a78]
Event: 64.522 Thread 0x00007f8a92878800 6574       4       com.sun.javafx.webkit.prism.WCGraphicsPrismContext$ContextState::access$2200 (5 bytes)
Event: 64.523 Thread 0x00007f8a92878800 nmethod 6574 0x000000010e0b5f10 code [0x000000010e0b6060, 0x000000010e0b60b8]
Event: 64.525 Thread 0x00007f8a91832800 6575       3       javafx.scene.layout.Region::adjustWidthByMargin (41 bytes)
Event: 64.526 Thread 0x00007f8a91832800 nmethod 6575 0x000000010f071b90 code [0x000000010f071d40, 0x000000010f072378]
Event: 64.526 Thread 0x00007f8a91832800 6576       3       javafx.scene.layout.Region::adjustHeightByMargin (41 bytes)
Event: 64.526 Thread 0x00007f8a91832800 nmethod 6576 0x000000010f071190 code [0x000000010f071340, 0x000000010f071978]
Event: 64.556 Thread 0x00007f8a91817800 nmethod 6570 0x000000010f076c50 code [0x000000010f076ee0, 0x000000010f079568]
Event: 64.561 Thread 0x00007f8a91832800 6577       3       com.sun.javafx.text.PrismTextLayout::getBounds (9 bytes)
Event: 64.561 Thread 0x00007f8a91832800 nmethod 6577 0x000000010f070d10 code [0x000000010f070e80, 0x000000010f0710c8]

GC Heap History (10 events):
Event: 47.248 GC heap before
{Heap before GC invocations=15 (full 1):
 PSYoungGen      total 87552K, used 83098K [0x00000007aab00000, 0x00000007b3300000, 0x00000007c0000000)
  eden space 80896K, 100% used [0x00000007aab00000,0x00000007afa00000,0x00000007afa00000)
  from space 6656K, 33% used [0x00000007afa00000,0x00000007afc26a78,0x00000007b0080000)
  to   space 6144K, 0% used [0x00000007b2d00000,0x00000007b2d00000,0x00000007b3300000)
 ParOldGen       total 37888K, used 10648K [0x0000000780000000, 0x0000000782500000, 0x00000007aab00000)
  object space 37888K, 28% used [0x0000000780000000,0x0000000780a66350,0x0000000782500000)
 Metaspace       used 25494K, capacity 26806K, committed 27056K, reserved 1073152K
  class space    used 3429K, capacity 3697K, committed 3760K, reserved 1048576K
Event: 47.260 GC heap after
Heap after GC invocations=15 (full 1):
 PSYoungGen      total 130560K, used 6143K [0x00000007aab00000, 0x00000007b3780000, 0x00000007c0000000)
  eden space 124416K, 0% used [0x00000007aab00000,0x00000007aab00000,0x00000007b2480000)
  from space 6144K, 99% used [0x00000007b2d00000,0x00000007b32fff58,0x00000007b3300000)
  to   space 8704K, 0% used [0x00000007b2480000,0x00000007b2480000,0x00000007b2d00000)
 ParOldGen       total 37888K, used 13931K [0x0000000780000000, 0x0000000782500000, 0x00000007aab00000)
  object space 37888K, 36% used [0x0000000780000000,0x0000000780d9ad20,0x0000000782500000)
 Metaspace       used 25494K, capacity 26806K, committed 27056K, reserved 1073152K
  class space    used 3429K, capacity 3697K, committed 3760K, reserved 1048576K
}
Event: 51.979 GC heap before
{Heap before GC invocations=16 (full 1):
 PSYoungGen      total 130560K, used 130559K [0x00000007aab00000, 0x00000007b3780000, 0x00000007c0000000)
  eden space 124416K, 100% used [0x00000007aab00000,0x00000007b2480000,0x00000007b2480000)
  from space 6144K, 99% used [0x00000007b2d00000,0x00000007b32fff58,0x00000007b3300000)
  to   space 8704K, 0% used [0x00000007b2480000,0x00000007b2480000,0x00000007b2d00000)
 ParOldGen       total 37888K, used 13931K [0x0000000780000000, 0x0000000782500000, 0x00000007aab00000)
  object space 37888K, 36% used [0x0000000780000000,0x0000000780d9ad20,0x0000000782500000)
 Metaspace       used 25887K, capacity 27244K, committed 27312K, reserved 1073152K
  class space    used 3435K, capacity 3704K, committed 3760K, reserved 1048576K
Event: 51.999 GC heap after
Heap after GC invocations=16 (full 1):
 PSYoungGen      total 133120K, used 8676K [0x00000007aab00000, 0x00000007b7f00000, 0x00000007c0000000)
  eden space 124416K, 0% used [0x00000007aab00000,0x00000007aab00000,0x00000007b2480000)
  from space 8704K, 99% used [0x00000007b2480000,0x00000007b2cf90b8,0x00000007b2d00000)
  to   space 12288K, 0% used [0x00000007b7300000,0x00000007b7300000,0x00000007b7f00000)
 ParOldGen       total 37888K, used 19816K [0x0000000780000000, 0x0000000782500000, 0x00000007aab00000)
  object space 37888K, 52% used [0x0000000780000000,0x000000078135a1e8,0x0000000782500000)
 Metaspace       used 25887K, capacity 27244K, committed 27312K, reserved 1073152K
  class space    used 3435K, capacity 3704K, committed 3760K, reserved 1048576K
}
Event: 61.202 GC heap before
{Heap before GC invocations=17 (full 1):
 PSYoungGen      total 133120K, used 133092K [0x00000007aab00000, 0x00000007b7f00000, 0x00000007c0000000)
  eden space 124416K, 100% used [0x00000007aab00000,0x00000007b2480000,0x00000007b2480000)
  from space 8704K, 99% used [0x00000007b2480000,0x00000007b2cf90b8,0x00000007b2d00000)
  to   space 12288K, 0% used [0x00000007b7300000,0x00000007b7300000,0x00000007b7f00000)
 ParOldGen       total 37888K, used 19816K [0x0000000780000000, 0x0000000782500000, 0x00000007aab00000)
  object space 37888K, 52% used [0x0000000780000000,0x000000078135a1e8,0x0000000782500000)
 Metaspace       used 26712K, capacity 28080K, committed 28336K, reserved 1073152K
  class space    used 3477K, capacity 3746K, committed 3760K, reserved 1048576K
Event: 61.219 GC heap after
Heap after GC invocations=17 (full 1):
 PSYoungGen      total 201728K, used 7105K [0x00000007aab00000, 0x00000007b7e00000, 0x00000007c0000000)
  eden space 190464K, 0% used [0x00000007aab00000,0x00000007aab00000,0x00000007b6500000)
  from space 11264K, 63% used [0x00000007b7300000,0x00000007b79f05a0,0x00000007b7e00000)
  to   space 12800K, 0% used [0x00000007b6500000,0x00000007b6500000,0x00000007b7180000)
 ParOldGen       total 37888K, used 26282K [0x0000000780000000, 0x0000000782500000, 0x00000007aab00000)
  object space 37888K, 69% used [0x0000000780000000,0x00000007819aa9a8,0x0000000782500000)
 Metaspace       used 26712K, capacity 28080K, committed 28336K, reserved 1073152K
  class space    used 3477K, capacity 3746K, committed 3760K, reserved 1048576K
}
Event: 63.620 GC heap before
{Heap before GC invocations=18 (full 1):
 PSYoungGen      total 201728K, used 197569K [0x00000007aab00000, 0x00000007b7e00000, 0x00000007c0000000)
  eden space 190464K, 100% used [0x00000007aab00000,0x00000007b6500000,0x00000007b6500000)
  from space 11264K, 63% used [0x00000007b7300000,0x00000007b79f05a0,0x00000007b7e00000)
  to   space 12800K, 0% used [0x00000007b6500000,0x00000007b6500000,0x00000007b7180000)
 ParOldGen       total 37888K, used 26298K [0x0000000780000000, 0x0000000782500000, 0x00000007aab00000)
  object space 37888K, 69% used [0x0000000780000000,0x00000007819ae9c8,0x0000000782500000)
 Metaspace       used 26916K, capacity 28282K, committed 28336K, reserved 1073152K
  class space    used 3483K, capacity 3747K, committed 3760K, reserved 1048576K
Event: 63.696 GC heap after
Heap after GC invocations=18 (full 1):
 PSYoungGen      total 203264K, used 12779K [0x00000007aab00000, 0x00000007bea80000, 0x00000007c0000000)
  eden space 190464K, 0% used [0x00000007aab00000,0x00000007aab00000,0x00000007b6500000)
  from space 12800K, 99% used [0x00000007b6500000,0x00000007b717aee8,0x00000007b7180000)
  to   space 34816K, 0% used [0x00000007bc880000,0x00000007bc880000,0x00000007bea80000)
 ParOldGen       total 80384K, used 80057K [0x0000000780000000, 0x0000000784e80000, 0x00000007aab00000)
  object space 80384K, 99% used [0x0000000780000000,0x0000000784e2e418,0x0000000784e80000)
 Metaspace       used 26916K, capacity 28282K, committed 28336K, reserved 1073152K
  class space    used 3483K, capacity 3747K, committed 3760K, reserved 1048576K
}
Event: 63.696 GC heap before
{Heap before GC invocations=19 (full 2):
 PSYoungGen      total 203264K, used 12779K [0x00000007aab00000, 0x00000007bea80000, 0x00000007c0000000)
  eden space 190464K, 0% used [0x00000007aab00000,0x00000007aab00000,0x00000007b6500000)
  from space 12800K, 99% used [0x00000007b6500000,0x00000007b717aee8,0x00000007b7180000)
  to   space 34816K, 0% used [0x00000007bc880000,0x00000007bc880000,0x00000007bea80000)
 ParOldGen       total 80384K, used 80057K [0x0000000780000000, 0x0000000784e80000, 0x00000007aab00000)
  object space 80384K, 99% used [0x0000000780000000,0x0000000784e2e418,0x0000000784e80000)
 Metaspace       used 26916K, capacity 28282K, committed 28336K, reserved 1073152K
  class space    used 3483K, capacity 3747K, committed 3760K, reserved 1048576K
Event: 63.863 GC heap after
Heap after GC invocations=19 (full 2):
 PSYoungGen      total 203264K, used 12495K [0x00000007aab00000, 0x00000007bea80000, 0x00000007c0000000)
  eden space 190464K, 0% used [0x00000007aab00000,0x00000007aab00000,0x00000007b6500000)
  from space 12800K, 97% used [0x00000007b6500000,0x00000007b7133df0,0x00000007b7180000)
  to   space 34816K, 0% used [0x00000007bc880000,0x00000007bc880000,0x00000007bea80000)
 ParOldGen       total 128000K, used 73519K [0x0000000780000000, 0x0000000787d00000, 0x00000007aab00000)
  object space 128000K, 57% used [0x0000000780000000,0x00000007847cbef0,0x0000000787d00000)
 Metaspace       used 26916K, capacity 28282K, committed 28336K, reserved 1073152K
  class space    used 3483K, capacity 3747K, committed 3760K, reserved 1048576K
}

Deoptimization events (10 events):
Event: 61.307 Thread 0x00007f8a91974000 Uncommon trap: reason=class_check action=maybe_recompile pc=0x000000010e972b44 method=java.util.HashMap.removeNode(ILjava/lang/Object;Ljava/lang/Object;ZZ)Ljava/util/HashMap$Node; @ 143
Event: 61.307 Thread 0x00007f8a91974000 Uncommon trap: reason=class_check action=maybe_recompile pc=0x000000010e972b44 method=java.util.HashMap.removeNode(ILjava/lang/Object;Ljava/lang/Object;ZZ)Ljava/util/HashMap$Node; @ 143
Event: 61.307 Thread 0x00007f8a91974000 Uncommon trap: reason=class_check action=maybe_recompile pc=0x000000010e972b44 method=java.util.HashMap.removeNode(ILjava/lang/Object;Ljava/lang/Object;ZZ)Ljava/util/HashMap$Node; @ 143
Event: 61.317 Thread 0x00007f8a91974000 Uncommon trap: reason=class_check action=maybe_recompile pc=0x000000010ea94a1c method=java.lang.Character.getType(I)I @ 5
Event: 61.317 Thread 0x00007f8a91974000 Uncommon trap: reason=class_check action=maybe_recompile pc=0x000000010ea94a1c method=java.lang.Character.getType(I)I @ 5
Event: 61.771 Thread 0x00007f8a91974000 Uncommon trap: reason=unstable_if action=reinterpret pc=0x000000010ea84dd8 method=com.sun.javafx.font.PrismFontFile.getAdvance(IF)F @ 119
Event: 61.809 Thread 0x00007f8a91889000 Uncommon trap: reason=bimorphic action=maybe_recompile pc=0x000000010ee796e8 method=com.sun.javafx.sg.prism.NGNode.doRender(Lcom/sun/prism/Graphics;)V @ 319
Event: 61.863 Thread 0x00007f8a91889000 Uncommon trap: reason=bimorphic action=maybe_recompile pc=0x000000010ee796e8 method=com.sun.javafx.sg.prism.NGNode.doRender(Lcom/sun/prism/Graphics;)V @ 319
Event: 61.889 Thread 0x00007f8a91889000 Uncommon trap: reason=bimorphic action=maybe_recompile pc=0x000000010ee796e8 method=com.sun.javafx.sg.prism.NGNode.doRender(Lcom/sun/prism/Graphics;)V @ 319
Event: 62.010 Thread 0x00007f8a91889000 Uncommon trap: reason=bimorphic action=maybe_recompile pc=0x000000010ee796e8 method=com.sun.javafx.sg.prism.NGNode.doRender(Lcom/sun/prism/Graphics;)V @ 319

Internal exceptions (10 events):
Event: 51.148 Thread 0x00007f8a91974000 Exception <a 'java/lang/ClassNotFoundException': sun/net/www/protocol/about/Handler> (0x00000007b0fab5e0) thrown at [/Users/java_re/workspace/8-2-build-macosx-x86_64/jdk8u51/3951/hotspot/src/share/vm/classfile/systemDictionary.cpp, line 210]
Event: 51.258 Thread 0x00007f8a91974000 Exception <a 'java/lang/ClassNotFoundException': sun/net/www/protocol/about/Handler> (0x00000007b0fb9320) thrown at [/Users/java_re/workspace/8-2-build-macosx-x86_64/jdk8u51/3951/hotspot/src/share/vm/classfile/systemDictionary.cpp, line 210]
Event: 51.338 Thread 0x00007f8a99cc8800 Exception <a 'java/lang/ArrayIndexOutOfBoundsException'> (0x00000007b13921d0) thrown at [/Users/java_re/workspace/8-2-build-macosx-x86_64/jdk8u51/3951/hotspot/src/share/vm/runtime/sharedRuntime.cpp, line 605]
Event: 51.338 Thread 0x00007f8a91974000 Exception <a 'java/lang/ArrayIndexOutOfBoundsException'> (0x00000007b12dfd90) thrown at [/Users/java_re/workspace/8-2-build-macosx-x86_64/jdk8u51/3951/hotspot/src/share/vm/runtime/sharedRuntime.cpp, line 605]
Event: 52.000 Thread 0x00007f8a91889000 Implicit null exception at 0x000000010e69162c to 0x000000010e691675
Event: 58.597 Thread 0x00007f8a91974000 Exception <a 'java/lang/ClassNotFoundException': sun/net/www/protocol/about/Handler> (0x00000007b0294050) thrown at [/Users/java_re/workspace/8-2-build-macosx-x86_64/jdk8u51/3951/hotspot/src/share/vm/classfile/systemDictionary.cpp, line 210]
Event: 61.735 Thread 0x00007f8a92a36800 Exception <a 'java/lang/ClassNotFoundException': sun/net/www/protocol/data/Handler> (0x00000007ab6146e0) thrown at [/Users/java_re/workspace/8-2-build-macosx-x86_64/jdk8u51/3951/hotspot/src/share/vm/classfile/systemDictionary.cpp, line 210]
Event: 61.750 Thread 0x00007f8a92a36800 Exception <a 'java/lang/ClassNotFoundException': sun/net/www/protocol/data/Handler> (0x00000007ab675398) thrown at [/Users/java_re/workspace/8-2-build-macosx-x86_64/jdk8u51/3951/hotspot/src/share/vm/classfile/systemDictionary.cpp, line 210]
Event: 61.777 Thread 0x00007f8a922ba800 Exception <a 'java/lang/ClassNotFoundException': sun/net/www/protocol/data/Handler> (0x00000007ab812b60) thrown at [/Users/java_re/workspace/8-2-build-macosx-x86_64/jdk8u51/3951/hotspot/src/share/vm/classfile/systemDictionary.cpp, line 210]
Event: 61.780 Thread 0x00007f8a922ba800 Exception <a 'java/lang/ClassNotFoundException': sun/net/www/protocol/data/Handler> (0x00000007ab893700) thrown at [/Users/java_re/workspace/8-2-build-macosx-x86_64/jdk8u51/3951/hotspot/src/share/vm/classfile/systemDictionary.cpp, line 210]

Events (10 events):
Event: 64.358 Thread 0x00007f8a9c389800 Thread exited: 0x00007f8a9c389800
Event: 64.447 Thread 0x00007f8a93119800 Thread added: 0x00007f8a93119800
Event: 64.447 Thread 0x00007f8a9b874800 Thread added: 0x00007f8a9b874800
Event: 64.448 Thread 0x00007f8a9b874800 Thread exited: 0x00007f8a9b874800
Event: 64.451 Thread 0x00007f8a93793000 Thread added: 0x00007f8a93793000
Event: 64.509 Executing VM operation: BulkRevokeBias
Event: 64.510 Executing VM operation: BulkRevokeBias done
Event: 64.515 Thread 0x00007f8a8227b800 Thread added: 0x00007f8a8227b800
Event: 64.516 Thread 0x00007f8a8227b800 Thread exited: 0x00007f8a8227b800
Event: 64.543 Thread 0x00007f8a9a808800 Thread exited: 0x00007f8a9a808800


Dynamic libraries:
0x0000000027531000 	/System/Library/Frameworks/Cocoa.framework/Versions/A/Cocoa
0x0000000027531000 	/System/Library/Frameworks/Security.framework/Versions/A/Security
0x0000000027531000 	/System/Library/Frameworks/ApplicationServices.framework/Versions/A/ApplicationServices
0x0000000027531000 	/usr/lib/libz.1.dylib
0x0000000027531000 	/usr/lib/libSystem.B.dylib
0x0000000027531000 	/usr/lib/libobjc.A.dylib
0x0000000027531000 	/System/Library/Frameworks/CoreFoundation.framework/Versions/A/CoreFoundation
0x0000000027531000 	/System/Library/Frameworks/Foundation.framework/Versions/C/Foundation
0x0000000027531000 	/System/Library/Frameworks/AppKit.framework/Versions/C/AppKit
0x0000000027531000 	/System/Library/Frameworks/CoreData.framework/Versions/A/CoreData
0x0000000027531000 	/System/Library/PrivateFrameworks/RemoteViewServices.framework/Versions/A/RemoteViewServices
0x0000000027531000 	/System/Library/PrivateFrameworks/UIFoundation.framework/Versions/A/UIFoundation
0x0000000027531000 	/System/Library/PrivateFrameworks/DFRFoundation.framework/Versions/A/DFRFoundation
0x0000000027531000 	/System/Library/Frameworks/Metal.framework/Versions/A/Metal
0x0000000027531000 	/System/Library/PrivateFrameworks/DesktopServicesPriv.framework/Versions/A/DesktopServicesPriv
0x0000000027531000 	/usr/lib/libenergytrace.dylib
0x0000000027531000 	/System/Library/PrivateFrameworks/SkyLight.framework/Versions/A/SkyLight
0x0000000027531000 	/System/Library/Frameworks/CoreGraphics.framework/Versions/A/CoreGraphics
0x0000000027531000 	/usr/lib/libScreenReader.dylib
0x0000000027531000 	/System/Library/Frameworks/Accelerate.framework/Versions/A/Accelerate
0x0000000027531000 	/System/Library/Frameworks/IOSurface.framework/Versions/A/IOSurface
0x0000000027531000 	/System/Library/Frameworks/AudioToolbox.framework/Versions/A/AudioToolbox
0x0000000027531000 	/System/Library/Frameworks/AudioUnit.framework/Versions/A/AudioUnit
0x0000000027531000 	/System/Library/PrivateFrameworks/DataDetectorsCore.framework/Versions/A/DataDetectorsCore
0x0000000027531000 	/System/Library/Frameworks/Carbon.framework/Versions/A/Frameworks/HIToolbox.framework/Versions/A/HIToolbox
0x0000000027531000 	/usr/lib/libicucore.A.dylib
0x0000000027531000 	/System/Library/Frameworks/QuartzCore.framework/Versions/A/QuartzCore
0x0000000027531000 	/System/Library/Frameworks/Carbon.framework/Versions/A/Frameworks/SpeechRecognition.framework/Versions/A/SpeechRecognition
0x0000000027531000 	/usr/lib/libauto.dylib
0x0000000027531000 	/usr/lib/libxml2.2.dylib
0x0000000027531000 	/System/Library/PrivateFrameworks/CoreUI.framework/Versions/A/CoreUI
0x0000000027531000 	/System/Library/Frameworks/CoreAudio.framework/Versions/A/CoreAudio
0x0000000027531000 	/System/Library/Frameworks/DiskArbitration.framework/Versions/A/DiskArbitration
0x0000000027531000 	/usr/lib/liblangid.dylib
0x0000000027531000 	/System/Library/PrivateFrameworks/MultitouchSupport.framework/Versions/A/MultitouchSupport
0x0000000027531000 	/System/Library/Frameworks/IOKit.framework/Versions/A/IOKit
0x0000000027531000 	/usr/lib/libDiagnosticMessagesClient.dylib
0x0000000027531000 	/System/Library/Frameworks/CoreServices.framework/Versions/A/CoreServices
0x0000000027531000 	/System/Library/PrivateFrameworks/PerformanceAnalysis.framework/Versions/A/PerformanceAnalysis
0x0000000027531000 	/System/Library/Frameworks/OpenGL.framework/Versions/A/OpenGL
0x0000000027531000 	/System/Library/Frameworks/ColorSync.framework/Versions/A/ColorSync
0x0000000027531000 	/System/Library/Frameworks/CoreImage.framework/Versions/A/CoreImage
0x0000000027531000 	/System/Library/Frameworks/CoreText.framework/Versions/A/CoreText
0x0000000027531000 	/System/Library/Frameworks/ImageIO.framework/Versions/A/ImageIO
0x0000000027531000 	/System/Library/PrivateFrameworks/Backup.framework/Versions/A/Backup
0x0000000027531000 	/usr/lib/libarchive.2.dylib
0x0000000027531000 	/System/Library/Frameworks/CFNetwork.framework/Versions/A/CFNetwork
0x0000000027531000 	/System/Library/Frameworks/SystemConfiguration.framework/Versions/A/SystemConfiguration
0x0000000027531000 	/usr/lib/libCRFSuite.dylib
0x0000000027531000 	/usr/lib/libc++.1.dylib
0x0000000027531000 	/usr/lib/libc++abi.dylib
0x0000000027531000 	/usr/lib/system/libcache.dylib
0x0000000027531000 	/usr/lib/system/libcommonCrypto.dylib
0x0000000027531000 	/usr/lib/system/libcompiler_rt.dylib
0x0000000027531000 	/usr/lib/system/libcopyfile.dylib
0x0000000027531000 	/usr/lib/system/libcorecrypto.dylib
0x0000000027531000 	/usr/lib/system/libdispatch.dylib
0x0000000027531000 	/usr/lib/system/libdyld.dylib
0x0000000027531000 	/usr/lib/system/libkeymgr.dylib
0x0000000027531000 	/usr/lib/system/liblaunch.dylib
0x0000000027531000 	/usr/lib/system/libmacho.dylib
0x0000000027531000 	/usr/lib/system/libquarantine.dylib
0x0000000027531000 	/usr/lib/system/libremovefile.dylib
0x0000000027531000 	/usr/lib/system/libsystem_asl.dylib
0x0000000027531000 	/usr/lib/system/libsystem_blocks.dylib
0x0000000027531000 	/usr/lib/system/libsystem_c.dylib
0x0000000027531000 	/usr/lib/system/libsystem_configuration.dylib
0x0000000027531000 	/usr/lib/system/libsystem_coreservices.dylib
0x0000000027531000 	/usr/lib/system/libsystem_darwin.dylib
0x0000000027531000 	/usr/lib/system/libsystem_dnssd.dylib
0x0000000027531000 	/usr/lib/system/libsystem_info.dylib
0x0000000027531000 	/usr/lib/system/libsystem_m.dylib
0x0000000027531000 	/usr/lib/system/libsystem_malloc.dylib
0x0000000027531000 	/usr/lib/system/libsystem_network.dylib
0x0000000027531000 	/usr/lib/system/libsystem_networkextension.dylib
0x0000000027531000 	/usr/lib/system/libsystem_notify.dylib
0x0000000027531000 	/usr/lib/system/libsystem_sandbox.dylib
0x0000000027531000 	/usr/lib/system/libsystem_secinit.dylib
0x0000000027531000 	/usr/lib/system/libsystem_kernel.dylib
0x0000000027531000 	/usr/lib/system/libsystem_platform.dylib
0x0000000027531000 	/usr/lib/system/libsystem_pthread.dylib
0x0000000027531000 	/usr/lib/system/libsystem_symptoms.dylib
0x0000000027531000 	/usr/lib/system/libsystem_trace.dylib
0x0000000027531000 	/usr/lib/system/libunwind.dylib
0x0000000027531000 	/usr/lib/system/libxpc.dylib
0x0000000027531000 	/usr/lib/closure/libclosured.dylib
0x0000000027531000 	/usr/lib/libbsm.0.dylib
0x0000000027531000 	/usr/lib/system/libkxld.dylib
0x0000000027531000 	/usr/lib/libOpenScriptingUtil.dylib
0x0000000027531000 	/usr/lib/libcoretls.dylib
0x0000000027531000 	/usr/lib/libcoretls_cfhelpers.dylib
0x0000000027531000 	/usr/lib/libpam.2.dylib
0x0000000027531000 	/usr/lib/libsqlite3.dylib
0x0000000027531000 	/usr/lib/libxar.1.dylib
0x0000000027531000 	/usr/lib/libbz2.1.0.dylib
0x0000000027531000 	/usr/lib/liblzma.5.dylib
0x0000000027531000 	/usr/lib/libnetwork.dylib
0x0000000027531000 	/usr/lib/libapple_nghttp2.dylib
0x0000000027531000 	/usr/lib/libpcap.A.dylib
0x0000000027531000 	/usr/lib/libboringssl.dylib
0x0000000027531000 	/usr/lib/libusrtcp.dylib
0x0000000027531000 	/usr/lib/libapple_crypto.dylib
0x0000000027531000 	/System/Library/Frameworks/CoreServices.framework/Versions/A/Frameworks/FSEvents.framework/Versions/A/FSEvents
0x0000000027531000 	/System/Library/Frameworks/CoreServices.framework/Versions/A/Frameworks/CarbonCore.framework/Versions/A/CarbonCore
0x0000000027531000 	/System/Library/Frameworks/CoreServices.framework/Versions/A/Frameworks/Metadata.framework/Versions/A/Metadata
0x0000000027531000 	/System/Library/Frameworks/CoreServices.framework/Versions/A/Frameworks/OSServices.framework/Versions/A/OSServices
0x0000000027531000 	/System/Library/Frameworks/CoreServices.framework/Versions/A/Frameworks/SearchKit.framework/Versions/A/SearchKit
0x0000000027531000 	/System/Library/Frameworks/CoreServices.framework/Versions/A/Frameworks/AE.framework/Versions/A/AE
0x0000000027531000 	/System/Library/Frameworks/CoreServices.framework/Versions/A/Frameworks/LaunchServices.framework/Versions/A/LaunchServices
0x0000000027531000 	/System/Library/Frameworks/CoreServices.framework/Versions/A/Frameworks/DictionaryServices.framework/Versions/A/DictionaryServices
0x0000000027531000 	/System/Library/Frameworks/CoreServices.framework/Versions/A/Frameworks/SharedFileList.framework/Versions/A/SharedFileList
0x0000000027531000 	/System/Library/Frameworks/NetFS.framework/Versions/A/NetFS
0x0000000027531000 	/System/Library/PrivateFrameworks/NetAuth.framework/Versions/A/NetAuth
0x0000000027531000 	/System/Library/PrivateFrameworks/login.framework/Versions/A/Frameworks/loginsupport.framework/Versions/A/loginsupport
0x0000000027531000 	/System/Library/PrivateFrameworks/TCC.framework/Versions/A/TCC
0x0000000027531000 	/usr/lib/libmecabra.dylib
0x0000000027531000 	/System/Library/Frameworks/ApplicationServices.framework/Versions/A/Frameworks/ATS.framework/Versions/A/ATS
0x0000000027531000 	/System/Library/Frameworks/ApplicationServices.framework/Versions/A/Frameworks/ColorSyncLegacy.framework/Versions/A/ColorSyncLegacy
0x0000000027531000 	/System/Library/Frameworks/ApplicationServices.framework/Versions/A/Frameworks/HIServices.framework/Versions/A/HIServices
0x0000000027531000 	/System/Library/Frameworks/ApplicationServices.framework/Versions/A/Frameworks/LangAnalysis.framework/Versions/A/LangAnalysis
0x0000000027531000 	/System/Library/Frameworks/ApplicationServices.framework/Versions/A/Frameworks/PrintCore.framework/Versions/A/PrintCore
0x0000000027531000 	/System/Library/Frameworks/ApplicationServices.framework/Versions/A/Frameworks/QD.framework/Versions/A/QD
0x0000000027531000 	/System/Library/Frameworks/ApplicationServices.framework/Versions/A/Frameworks/SpeechSynthesis.framework/Versions/A/SpeechSynthesis
0x0000000027531000 	/System/Library/Frameworks/CoreDisplay.framework/Versions/A/CoreDisplay
0x0000000027531000 	/System/Library/Frameworks/Accelerate.framework/Versions/A/Frameworks/vImage.framework/Versions/A/vImage
0x0000000027531000 	/System/Library/Frameworks/Accelerate.framework/Versions/A/Frameworks/vecLib.framework/Versions/A/vecLib
0x0000000027531000 	/System/Library/Frameworks/Accelerate.framework/Versions/A/Frameworks/vecLib.framework/Versions/A/libvDSP.dylib
0x0000000027531000 	/System/Library/Frameworks/Accelerate.framework/Versions/A/Frameworks/vecLib.framework/Versions/A/libBNNS.dylib
0x0000000027531000 	/System/Library/Frameworks/Accelerate.framework/Versions/A/Frameworks/vecLib.framework/Versions/A/libQuadrature.dylib
0x0000000027531000 	/System/Library/Frameworks/Accelerate.framework/Versions/A/Frameworks/vecLib.framework/Versions/A/libvMisc.dylib
0x0000000027531000 	/System/Library/Frameworks/Accelerate.framework/Versions/A/Frameworks/vecLib.framework/Versions/A/libLAPACK.dylib
0x0000000027531000 	/System/Library/Frameworks/Accelerate.framework/Versions/A/Frameworks/vecLib.framework/Versions/A/libBLAS.dylib
0x0000000027531000 	/System/Library/Frameworks/Accelerate.framework/Versions/A/Frameworks/vecLib.framework/Versions/A/libLinearAlgebra.dylib
0x0000000027531000 	/System/Library/Frameworks/Accelerate.framework/Versions/A/Frameworks/vecLib.framework/Versions/A/libSparse.dylib
0x0000000027531000 	/System/Library/Frameworks/Accelerate.framework/Versions/A/Frameworks/vecLib.framework/Versions/A/libSparseBLAS.dylib
0x0000000027531000 	/System/Library/PrivateFrameworks/IOAccelerator.framework/Versions/A/IOAccelerator
0x0000000027531000 	/System/Library/PrivateFrameworks/IOPresentment.framework/Versions/A/IOPresentment
0x0000000027531000 	/System/Library/PrivateFrameworks/DSExternalDisplay.framework/Versions/A/DSExternalDisplay
0x0000000027531000 	/System/Library/Frameworks/OpenGL.framework/Versions/A/Libraries/libCoreFSCache.dylib
0x0000000027531000 	/System/Library/Frameworks/CoreVideo.framework/Versions/A/CoreVideo
0x0000000027531000 	/System/Library/PrivateFrameworks/GraphVisualizer.framework/Versions/A/GraphVisualizer
0x0000000027531000 	/System/Library/Frameworks/MetalPerformanceShaders.framework/Versions/A/MetalPerformanceShaders
0x0000000027531000 	/usr/lib/libFosl_dynamic.dylib
0x0000000027531000 	/System/Library/PrivateFrameworks/FaceCore.framework/Versions/A/FaceCore
0x0000000027531000 	/System/Library/Frameworks/OpenCL.framework/Versions/A/OpenCL
0x0000000027531000 	/usr/lib/libcompression.dylib
0x0000000027531000 	/System/Library/Frameworks/ApplicationServices.framework/Versions/A/Frameworks/ATS.framework/Versions/A/Resources/libFontParser.dylib
0x0000000027531000 	/System/Library/Frameworks/ApplicationServices.framework/Versions/A/Frameworks/ATS.framework/Versions/A/Resources/libFontRegistry.dylib
0x0000000027531000 	/System/Library/Frameworks/ImageIO.framework/Versions/A/Resources/libJPEG.dylib
0x0000000027531000 	/System/Library/Frameworks/ImageIO.framework/Versions/A/Resources/libTIFF.dylib
0x0000000027531000 	/System/Library/Frameworks/ImageIO.framework/Versions/A/Resources/libPng.dylib
0x0000000027531000 	/System/Library/Frameworks/ImageIO.framework/Versions/A/Resources/libGIF.dylib
0x0000000027531000 	/System/Library/Frameworks/ImageIO.framework/Versions/A/Resources/libJP2.dylib
0x0000000027531000 	/System/Library/Frameworks/ImageIO.framework/Versions/A/Resources/libRadiance.dylib
0x0000000027531000 	/System/Library/PrivateFrameworks/AppleJPEG.framework/Versions/A/AppleJPEG
0x0000000027531000 	/System/Library/PrivateFrameworks/MetalTools.framework/Versions/A/MetalTools
0x0000000027531000 	/System/Library/Frameworks/MetalPerformanceShaders.framework/Frameworks/MPSCore.framework/Versions/A/MPSCore
0x0000000027531000 	/System/Library/Frameworks/MetalPerformanceShaders.framework/Frameworks/MPSImage.framework/Versions/A/MPSImage
0x0000000027531000 	/System/Library/Frameworks/MetalPerformanceShaders.framework/Frameworks/MPSMatrix.framework/Versions/A/MPSMatrix
0x0000000027531000 	/System/Library/Frameworks/MetalPerformanceShaders.framework/Frameworks/MPSNeuralNetwork.framework/Versions/A/MPSNeuralNetwork
0x0000000027531000 	/System/Library/Frameworks/OpenGL.framework/Versions/A/Libraries/libGLU.dylib
0x0000000027531000 	/System/Library/Frameworks/OpenGL.framework/Versions/A/Libraries/libGFXShared.dylib
0x0000000027531000 	/System/Library/Frameworks/OpenGL.framework/Versions/A/Libraries/libGL.dylib
0x0000000027531000 	/System/Library/Frameworks/OpenGL.framework/Versions/A/Libraries/libGLImage.dylib
0x0000000027531000 	/System/Library/Frameworks/OpenGL.framework/Versions/A/Libraries/libCVMSPluginSupport.dylib
0x0000000027531000 	/System/Library/Frameworks/OpenGL.framework/Versions/A/Libraries/libCoreVMClient.dylib
0x0000000027531000 	/usr/lib/libcups.2.dylib
0x0000000027531000 	/System/Library/Frameworks/Kerberos.framework/Versions/A/Kerberos
0x0000000027531000 	/System/Library/Frameworks/GSS.framework/Versions/A/GSS
0x0000000027531000 	/usr/lib/libresolv.9.dylib
0x0000000027531000 	/usr/lib/libiconv.2.dylib
0x0000000027531000 	/System/Library/PrivateFrameworks/Heimdal.framework/Versions/A/Heimdal
0x0000000027531000 	/usr/lib/libheimdal-asn1.dylib
0x0000000027531000 	/System/Library/Frameworks/OpenDirectory.framework/Versions/A/OpenDirectory
0x0000000027531000 	/System/Library/PrivateFrameworks/CommonAuth.framework/Versions/A/CommonAuth
0x0000000027531000 	/System/Library/Frameworks/OpenDirectory.framework/Versions/A/Frameworks/CFOpenDirectory.framework/Versions/A/CFOpenDirectory
0x0000000027531000 	/System/Library/Frameworks/SecurityFoundation.framework/Versions/A/SecurityFoundation
0x0000000027531000 	/System/Library/PrivateFrameworks/APFS.framework/Versions/A/APFS
0x0000000027531000 	/usr/lib/libutil.dylib
0x0000000027531000 	/System/Library/PrivateFrameworks/AppleSauce.framework/Versions/A/AppleSauce
0x0000000027531000 	/System/Library/PrivateFrameworks/LinguisticData.framework/Versions/A/LinguisticData
0x0000000027531000 	/usr/lib/libmarisa.dylib
0x0000000027531000 	/System/Library/PrivateFrameworks/Lexicon.framework/Versions/A/Lexicon
0x0000000027531000 	/usr/lib/libChineseTokenizer.dylib
0x0000000027531000 	/usr/lib/libcmph.dylib
0x0000000027531000 	/System/Library/PrivateFrameworks/LanguageModeling.framework/Versions/A/LanguageModeling
0x0000000027531000 	/System/Library/PrivateFrameworks/CoreEmoji.framework/Versions/A/CoreEmoji
0x0000000027531000 	/System/Library/Frameworks/ServiceManagement.framework/Versions/A/ServiceManagement
0x0000000027531000 	/System/Library/PrivateFrameworks/BackgroundTaskManagement.framework/Versions/A/BackgroundTaskManagement
0x0000000027531000 	/usr/lib/libxslt.1.dylib
0x0000000027531000 	/System/Library/Frameworks/Carbon.framework/Versions/A/Frameworks/Ink.framework/Versions/A/Ink
0x0000000027531000 	/System/Library/PrivateFrameworks/TextureIO.framework/Versions/A/TextureIO
0x0000000027531000 	/usr/lib/libate.dylib
0x0000000027531000 	/System/Library/PrivateFrameworks/CrashReporterSupport.framework/Versions/A/CrashReporterSupport
0x0000000027531000 	/System/Library/PrivateFrameworks/Sharing.framework/Versions/A/Sharing
0x0000000027531000 	/System/Library/PrivateFrameworks/IconServices.framework/Versions/A/IconServices
0x0000000027531000 	/System/Library/PrivateFrameworks/ProtocolBuffer.framework/Versions/A/ProtocolBuffer
0x0000000027531000 	/System/Library/PrivateFrameworks/Apple80211.framework/Versions/A/Apple80211
0x0000000027531000 	/System/Library/Frameworks/CoreWLAN.framework/Versions/A/CoreWLAN
0x0000000027531000 	/System/Library/PrivateFrameworks/CoreUtils.framework/Versions/A/CoreUtils
0x0000000027531000 	/System/Library/Frameworks/IOBluetooth.framework/Versions/A/IOBluetooth
0x0000000027531000 	/System/Library/PrivateFrameworks/CoreWiFi.framework/Versions/A/CoreWiFi
0x0000000027531000 	/System/Library/Frameworks/CoreBluetooth.framework/Versions/A/CoreBluetooth
0x0000000027531000 	/System/Library/PrivateFrameworks/SignpostNotification.framework/Versions/A/SignpostNotification
0x0000000027531000 	/System/Library/PrivateFrameworks/DebugSymbols.framework/Versions/A/DebugSymbols
0x0000000027531000 	/System/Library/PrivateFrameworks/CoreSymbolication.framework/Versions/A/CoreSymbolication
0x0000000027531000 	/System/Library/PrivateFrameworks/Symbolication.framework/Versions/A/Symbolication
0x0000000027531000 	/System/Library/PrivateFrameworks/AppleFSCompression.framework/Versions/A/AppleFSCompression
0x0000000027531000 	/System/Library/PrivateFrameworks/SpeechRecognitionCore.framework/Versions/A/SpeechRecognitionCore
0x0000000105c00000 	/Library/Java/JavaVirtualMachines/jdk1.8.0_51.jdk/Contents/Home/jre/lib/server/libjvm.dylib
0x0000000027531000 	/usr/lib/libstdc++.6.0.9.dylib
0x00000001053e3000 	/Library/Java/JavaVirtualMachines/jdk1.8.0_51.jdk/Contents/Home/jre/lib/libverify.dylib
0x0000000106b69000 	/Library/Java/JavaVirtualMachines/jdk1.8.0_51.jdk/Contents/Home/jre/lib/libjava.dylib
0x0000000106bde000 	/Library/Java/JavaVirtualMachines/jdk1.8.0_51.jdk/Contents/Home/jre/lib/libzip.dylib
0x0000000027531000 	/System/Library/Frameworks/JavaVM.framework/Versions/A/Frameworks/JavaRuntimeSupport.framework/Versions/A/JavaRuntimeSupport
0x0000000027531000 	/System/Library/Frameworks/JavaVM.framework/Versions/A/Frameworks/JavaNativeFoundation.framework/Versions/A/JavaNativeFoundation
0x0000000027531000 	/System/Library/Frameworks/JavaVM.framework/Versions/A/JavaVM
0x0000000027531000 	/System/Library/Frameworks/Carbon.framework/Versions/A/Carbon
0x0000000027531000 	/System/Library/PrivateFrameworks/JavaLaunching.framework/Versions/A/JavaLaunching
0x0000000027531000 	/System/Library/Frameworks/Carbon.framework/Versions/A/Frameworks/CommonPanels.framework/Versions/A/CommonPanels
0x0000000027531000 	/System/Library/Frameworks/Carbon.framework/Versions/A/Frameworks/Help.framework/Versions/A/Help
0x0000000027531000 	/System/Library/Frameworks/Carbon.framework/Versions/A/Frameworks/ImageCapture.framework/Versions/A/ImageCapture
0x0000000027531000 	/System/Library/Frameworks/Carbon.framework/Versions/A/Frameworks/OpenScripting.framework/Versions/A/OpenScripting
0x0000000027531000 	/System/Library/Frameworks/Carbon.framework/Versions/A/Frameworks/Print.framework/Versions/A/Print
0x0000000027531000 	/System/Library/Frameworks/Carbon.framework/Versions/A/Frameworks/SecurityHI.framework/Versions/A/SecurityHI
0x000000010ca18000 	/Library/Java/JavaVirtualMachines/jdk1.8.0_51.jdk/Contents/Home/jre/lib/libprism_es2.dylib
0x0000000027531000 	/System/Library/PrivateFrameworks/CoreServicesInternal.framework/Versions/A/CoreServicesInternal
0x0000000027531000 	/System/Library/Frameworks/OpenGL.framework/Versions/A/Resources/GLEngine.bundle/GLEngine
0x0000000027531000 	/System/Library/Frameworks/OpenGL.framework/Versions/A/Libraries/libGLProgrammability.dylib
0x000000010cac2000 	/System/Library/Extensions/AppleIntelHD4000GraphicsGLDriver.bundle/Contents/MacOS/AppleIntelHD4000GraphicsGLDriver
0x0000000027531000 	/System/Library/PrivateFrameworks/GPUSupport.framework/Versions/A/Libraries/libGPUSupportMercury.dylib
0x0000000027531000 	/System/Library/Frameworks/OpenGL.framework/Versions/A/Resources/GLRendererFloat.bundle/GLRendererFloat
0x0000000027531000 	/System/Library/Frameworks/OpenCL.framework/Versions/A/Libraries/libcldcpuengine.dylib
0x0000000027531000 	/usr/lib/libcrypto.35.dylib
0x0000000027531000 	/System/Library/PrivateFrameworks/TrustEvaluationAgent.framework/Versions/A/TrustEvaluationAgent
0x000000010d656000 	/Library/Java/JavaVirtualMachines/jdk1.8.0_51.jdk/Contents/Home/jre/lib/libglass.dylib
0x0000000027531000 	/System/Library/CoreServices/RawCamera.bundle/Contents/MacOS/RawCamera
0x0000000027531000 	/System/Library/PrivateFrameworks/MobileAsset.framework/Versions/A/MobileAsset
0x0000000027531000 	/System/Library/PrivateFrameworks/StreamingZip.framework/Versions/A/StreamingZip
0x0000000027531000 	/System/Library/Frameworks/MediaToolbox.framework/Versions/A/MediaToolbox
0x0000000027531000 	/System/Library/PrivateFrameworks/CoreAVCHD.framework/Versions/A/CoreAVCHD
0x0000000027531000 	/System/Library/Frameworks/MediaAccessibility.framework/Versions/A/MediaAccessibility
0x0000000027531000 	/System/Library/PrivateFrameworks/Mangrove.framework/Versions/A/Mangrove
0x0000000027531000 	/System/Library/Frameworks/CoreMedia.framework/Versions/A/CoreMedia
0x0000000027531000 	/System/Library/Frameworks/VideoToolbox.framework/Versions/A/VideoToolbox
0x0000000027531000 	/System/Library/PrivateFrameworks/CoreAUC.framework/Versions/A/CoreAUC
0x0000000027531000 	/usr/lib/libspindump.dylib
0x0000000027531000 	/usr/lib/libdscsym.dylib
0x0000000027531000 	/System/Library/PrivateFrameworks/AppleVA.framework/Versions/A/AppleVA
0x0000000027531000 	/System/Library/Frameworks/Accelerate.framework/Versions/A/Frameworks/vImage.framework/Versions/A/Libraries/libCGInterfaces.dylib
0x0000000027531000 	/System/Library/PrivateFrameworks/FamilyControls.framework/Versions/A/FamilyControls
0x0000000027531000 	/System/Library/PrivateFrameworks/CommerceKit.framework/Versions/A/Frameworks/CommerceCore.framework/Versions/A/CommerceCore
0x0000000027531000 	/System/Library/PrivateFrameworks/SystemAdministration.framework/Versions/A/SystemAdministration
0x0000000027531000 	/System/Library/PrivateFrameworks/AppContainer.framework/Versions/A/AppContainer
0x0000000027531000 	/System/Library/PrivateFrameworks/SecCodeWrapper.framework/Versions/A/SecCodeWrapper
0x0000000027531000 	/System/Library/PrivateFrameworks/DiskManagement.framework/Versions/A/DiskManagement
0x0000000027531000 	/System/Library/Frameworks/DirectoryService.framework/Versions/A/DirectoryService
0x0000000027531000 	/System/Library/PrivateFrameworks/DiskImages.framework/Versions/A/DiskImages
0x0000000027531000 	/System/Library/PrivateFrameworks/LoginUIKit.framework/Versions/A/Frameworks/LoginUICore.framework/Versions/A/LoginUICore
0x0000000027531000 	/usr/lib/libCoreStorage.dylib
0x0000000027531000 	/usr/lib/libcsfde.dylib
0x0000000027531000 	/usr/lib/libodfde.dylib
0x0000000027531000 	/System/Library/PrivateFrameworks/MediaKit.framework/Versions/A/MediaKit
0x0000000027531000 	/System/Library/Frameworks/DiscRecording.framework/Versions/A/DiscRecording
0x0000000027531000 	/System/Library/PrivateFrameworks/EFILogin.framework/Versions/A/EFILogin
0x0000000027531000 	/System/Library/PrivateFrameworks/ProtectedCloudStorage.framework/Versions/A/ProtectedCloudStorage
0x0000000027531000 	/usr/lib/libcurl.4.dylib
0x0000000027531000 	/usr/lib/libssl.35.dylib
0x0000000027531000 	/System/Library/Frameworks/LDAP.framework/Versions/A/LDAP
0x0000000027531000 	/usr/lib/libsasl2.2.dylib
0x0000000027531000 	/System/Library/PrivateFrameworks/CoreDaemon.framework/Versions/B/CoreDaemon
0x0000000027531000 	/System/Library/PrivateFrameworks/AppleSRP.framework/Versions/A/AppleSRP
0x000000011e207000 	/Library/Java/JavaVirtualMachines/jdk1.8.0_51.jdk/Contents/Home/jre/lib/libjfxwebkit.dylib
0x00000001202a6000 	/Library/Java/JavaVirtualMachines/jdk1.8.0_51.jdk/Contents/Home/jre/lib/libjavafx_font.dylib
0x0000000027531000 	/System/Library/Frameworks/ApplicationServices.framework/Versions/A/Frameworks/ATS.framework/Versions/A/Resources/libTrueTypeScaler.dylib
0x0000000027531000 	/System/Library/Extensions/AppleIntelHD4000GraphicsMTLDriver.bundle/Contents/MacOS/AppleIntelHD4000GraphicsMTLDriver
0x0000000027531000 	/System/Library/PrivateFrameworks/GPUCompiler.framework/Versions/3802/Libraries/libmetal_timestamp.dylib
0x000000010de45000 	/Library/Java/JavaVirtualMachines/jdk1.8.0_51.jdk/Contents/Home/jre/lib/libprism_common.dylib
0x0000000125371000 	/Library/Java/JavaVirtualMachines/jdk1.8.0_51.jdk/Contents/Home/jre/lib/libnio.dylib
0x0000000125381000 	/Library/Java/JavaVirtualMachines/jdk1.8.0_51.jdk/Contents/Home/jre/lib/./libnet.dylib
0x0000000125398000 	/Library/Java/JavaVirtualMachines/jdk1.8.0_51.jdk/Contents/Home/jre/lib/libjsound.dylib
0x0000000027531000 	/System/Library/Frameworks/CoreMIDI.framework/Versions/A/CoreMIDI
0x0000000027531000 	/usr/lib/libexpat.1.dylib
0x00000001253ab000 	/System/Library/Extensions/AppleHDA.kext/Contents/PlugIns/AppleHDAHALPlugIn.bundle/Contents/MacOS/AppleHDAHALPlugIn
0x00000001259b9000 	/System/Library/Components/CoreAudio.component/Contents/MacOS/CoreAudio
0x000000011dfd3000 	/Library/Java/JavaVirtualMachines/jdk1.8.0_51.jdk/Contents/Home/jre/lib/libsunec.dylib
0x0000000127890000 	/Library/Java/JavaVirtualMachines/jdk1.8.0_51.jdk/Contents/Home/jre/lib/libglib-lite.dylib
0x00000001279b6000 	/Library/Java/JavaVirtualMachines/jdk1.8.0_51.jdk/Contents/Home/jre/lib/libgstreamer-lite.dylib
0x00000001213cb000 	/Library/Java/JavaVirtualMachines/jdk1.8.0_51.jdk/Contents/Home/jre/lib/libjfxmedia.dylib
0x000000012140c000 	/Library/Java/JavaVirtualMachines/jdk1.8.0_51.jdk/Contents/Home/jre/lib/libjfxmedia_avf.dylib
0x0000000027531000 	/System/Library/Frameworks/AVFoundation.framework/Versions/A/AVFoundation
0x0000000027531000 	/System/Library/Frameworks/AVFoundation.framework/Versions/A/Frameworks/AVFAudio.framework/Versions/A/AVFAudio
0x0000000027531000 	/System/Library/PrivateFrameworks/IntlPreferences.framework/Versions/A/IntlPreferences
0x0000000027531000 	/System/Library/Frameworks/CoreMediaIO.framework/Versions/A/CoreMediaIO
0x0000000027531000 	/System/Library/PrivateFrameworks/RemoteServiceDiscovery.framework/Versions/A/RemoteServiceDiscovery
0x0000000027531000 	/System/Library/PrivateFrameworks/RemoteXPC.framework/Versions/A/RemoteXPC
0x0000000027531000 	/System/Library/PrivateFrameworks/InternationalSupport.framework/Versions/A/InternationalSupport
0x000000011df74000 	/Library/Java/JavaVirtualMachines/jdk1.8.0_51.jdk/Contents/Home/jre/lib/libjfxmedia_qtkit.dylib
0x0000000027531000 	/System/Library/Frameworks/QTKit.framework/Versions/A/QTKit
0x0000000027531000 	/System/Library/PrivateFrameworks/CoreMediaAuthoring.framework/Versions/A/CoreMediaAuthoring
0x0000000126756000 	/Library/Java/JavaVirtualMachines/jdk1.8.0_51.jdk/Contents/Home/jre/lib/libjavafx_iio.dylib

VM Arguments:
jvm_args: -Dfile.encoding=UTF-8 
java_command: /Users/jpc/Netbeans/Ensino/IHC/FXBrowser/dist/run412765758/FXBrowser.jar
java_class_path (initial): /Users/jpc/Netbeans/Ensino/IHC/FXBrowser/dist/run412765758/FXBrowser.jar
Launcher Type: SUN_STANDARD

Environment Variables:
PATH=/usr/bin:/bin:/usr/sbin:/sbin
LD_LIBRARY_PATH=/Library/Java/JavaVirtualMachines/jdk1.8.0_51.jdk/Contents/Home/jre/lib/amd64:/Library/Java/JavaVirtualMachines/jdk1.8.0_51.jdk/Contents/Home/jre/lib/i386:
SHELL=/bin/bash
DISPLAY=/private/tmp/com.apple.launchd.qNaGqyDnrN/org.macosforge.xquartz:0

Signal Handlers:
SIGSEGV: [libjvm.dylib+0x58ef35], sa_mask[0]=11111111011111110111111111111111, sa_flags=SA_ONSTACK|SA_RESTART|SA_SIGINFO
SIGBUS: [libjvm.dylib+0x58ef35], sa_mask[0]=11111111011111110111111111111111, sa_flags=SA_RESTART|SA_SIGINFO
SIGFPE: [libjvm.dylib+0x46c028], sa_mask[0]=11111111011111110111111111111111, sa_flags=SA_RESTART|SA_SIGINFO
SIGPIPE: [libjvm.dylib+0x46c028], sa_mask[0]=11111111011111110111111111111111, sa_flags=SA_RESTART|SA_SIGINFO
SIGXFSZ: [libjvm.dylib+0x46c028], sa_mask[0]=11111111011111110111111111111111, sa_flags=SA_RESTART|SA_SIGINFO
SIGILL: [libjvm.dylib+0x46c028], sa_mask[0]=11111111011111110111111111111111, sa_flags=SA_RESTART|SA_SIGINFO
SIGUSR1: SIG_DFL, sa_mask[0]=00000000000000000000000000000000, sa_flags=none
SIGUSR2: [libjvm.dylib+0x46bb46], sa_mask[0]=00100000000000000000000000000000, sa_flags=SA_RESTART|SA_SIGINFO
SIGHUP: [libjvm.dylib+0x46a119], sa_mask[0]=11111111011111110111111111111111, sa_flags=SA_RESTART|SA_SIGINFO
SIGINT: SIG_IGN, sa_mask[0]=00000000000000000000000000000000, sa_flags=none
SIGTERM: [libjvm.dylib+0x46a119], sa_mask[0]=11111111011111110111111111111111, sa_flags=SA_RESTART|SA_SIGINFO
SIGQUIT: [libjvm.dylib+0x46a119], sa_mask[0]=11111111011111110111111111111111, sa_flags=SA_RESTART|SA_SIGINFO


---------------  S Y S T E M  ---------------

OS:Bsduname:Darwin 17.3.0 Darwin Kernel Version 17.3.0: Thu Nov  9 18:09:22 PST 2017; root:xnu-4570.31.3~1/RELEASE_X86_64 x86_64
rlimit: STACK 8192k, CORE 0k, NPROC 709, NOFILE 10240, AS infinity
load average:3.69 2.69 2.54

CPU:total 4 (2 cores per cpu, 2 threads per core) family 6 model 58 stepping 9, cmov, cx8, fxsr, mmx, sse, sse2, sse3, ssse3, sse4.1, sse4.2, popcnt, avx, aes, clmul, erms, ht, tsc, tscinvbit, tscinv

Memory: 4k page, physical 4194304k(18488k free)

/proc/meminfo:


vm_info: Java HotSpot(TM) 64-Bit Server VM (25.51-b03) for bsd-amd64 JRE (1.8.0_51-b16), built on Jun  8 2015 18:01:11 by "java_re" with gcc 4.2.1 (Based on Apple Inc. build 5658) (LLVM build 2336.11.00)

time: Thu Jan  4 10:56:40 2018
elapsed time: 64 seconds (0d 0h 1m 4s)

